          AutoDock 4.2 Release 4.2.6   
         (C) 1989-2012 The Scripps Research Institute
        AutoDock comes with ABSOLUTELY NO WARRANTY.
        AutoDock is free software, and you are welcome
        to redistribute it under certain conditions;
        for details type 'autodock4 -C'

                     main.cc  $Revision: 1.213 $

                   Compiled on Jul 18 2014 at 18:34:22


This file was created at:			10:14 28" p.m., 07/18/2022
                   on host:		"lgx"
Current Working Directory = "/home/lg/BIO/omicas/simulations/03-Docking/03-PreparingComplexes-for-MD/binding-free-energy"

      ________________________________________________________________

                   SETTING UP DEFAULT PARAMETER LIBRARY
      ________________________________________________________________


Random number generator was seeded with values 87264, 1658200468.
Docking parameter file (DPF) used for this docking:		ligand_protein.dpf
DPF> autodock_parameter_version 4.2       # used by autodock to validate parameter set

	Autodock parameter version 4.2.
DPF> outlev 1                             # diagnostic output level

Output Level = 1  ADT-COMPATIBLE OUTPUT DURING DOCKING.
DPF> intelec                              # calculate internal electrostatics

Electrostatic energies will be calculated for all non-bonds between moving atoms.
DPF> seed pid time                        # seeds for random generator

Random number generator was seeded with values 87264, 1658200468.
DPF> ligand_types A HD OA                 # atoms types in ligand

DPF> fld protein.maps.fld                 # grid_data_file

Opening Grid Map Dimensions file:		protein.maps.fld
Grid Point Spacing =				0.375 Angstroms

Even Number of User-specified Grid Points =	40 x-points
						40 y-points
						40 z-points

Coordinates of Central Grid Point of Maps =	(-3.384, -30.087, -37.931)
Macromolecule file used to create Grid Maps =	protein.pdbqt
Grid Parameter file used to create Grid Maps =	protein.gpf
Minimum coordinates in grid = (-10.884, -37.587, -45.431)
Maximum coordinates in grid = (4.116, -22.587, -30.431)

DPF> map protein.A.map                    # atom-specific affinity map

DPF> map protein.HD.map                   # atom-specific affinity map

DPF> map protein.OA.map                   # atom-specific affinity map

DPF> elecmap protein.e.map                # electrostatics map

DPF> desolvmap protein.d.map              # desolvation map

DPF> move ligand.pdbqt                    # small molecule

1,4-interactions will be _ignored_ in the non-bonded internal energy calculation.

Ligand PDBQT file = "ligand.pdbqt"

INPUT LIGAND PDBQT FILE:
________________________

INPUT-LIGAND-PDBQT: REMARK  4 active torsions:
INPUT-LIGAND-PDBQT: REMARK  status: ('A' for Active; 'I' for Inactive)
INPUT-LIGAND-PDBQT: REMARK    1  A    between atoms: C_4  and  C_10 
INPUT-LIGAND-PDBQT: REMARK    2  A    between atoms: C_7  and  O_19 
INPUT-LIGAND-PDBQT: REMARK    3  A    between atoms: C_9  and  O_20 
INPUT-LIGAND-PDBQT: REMARK    4  A    between atoms: C_13  and  O_18 
INPUT-LIGAND-PDBQT: ROOT
INPUT-LIGAND-PDBQT: HETATM    1  C   UNL     1      -0.049 -30.038 -36.318  1.00  0.00     0.049 A 
INPUT-LIGAND-PDBQT: HETATM    2  C   UNL     1      -1.252 -30.063 -37.055  1.00  0.00     0.107 A 
INPUT-LIGAND-PDBQT: HETATM    3  C   UNL     1      -2.262 -30.325 -39.195  1.00  0.00     0.126 A 
INPUT-LIGAND-PDBQT: HETATM    4  C   UNL     1      -3.520 -30.200 -38.699  1.00  0.00     0.064 A 
INPUT-LIGAND-PDBQT: HETATM    5  C   UNL     1      -3.709 -29.968 -37.247  1.00  0.00     0.201 A 
INPUT-LIGAND-PDBQT: HETATM    6  C   UNL     1      -2.470 -29.879 -36.438  1.00  0.00     0.084 A 
INPUT-LIGAND-PDBQT: HETATM    7  C   UNL     1      -2.526 -29.655 -35.050  1.00  0.00     0.096 A 
INPUT-LIGAND-PDBQT: HETATM    8  C   UNL     1      -1.354 -29.653 -34.288  1.00  0.00     0.048 A 
INPUT-LIGAND-PDBQT: HETATM    9  C   UNL     1      -0.162 -29.822 -34.940  1.00  0.00     0.093 A 
INPUT-LIGAND-PDBQT: HETATM   10  O   UNL     1      -1.148 -30.272 -38.406  1.00  0.00    -0.305 OA
INPUT-LIGAND-PDBQT: HETATM   11  O   UNL     1      -4.847 -29.831 -36.824  1.00  0.00    -0.286 OA
INPUT-LIGAND-PDBQT: ENDROOT
INPUT-LIGAND-PDBQT: BRANCH   4  12
INPUT-LIGAND-PDBQT: HETATM   12  C   UNL     1      -4.582 -30.284 -39.767  1.00  0.00     0.005 A 
INPUT-LIGAND-PDBQT: HETATM   13  C   UNL     1      -4.407 -31.185 -40.834  1.00  0.00     0.002 A 
INPUT-LIGAND-PDBQT: HETATM   14  C   UNL     1      -5.387 -31.262 -41.855  1.00  0.00     0.024 A 
INPUT-LIGAND-PDBQT: HETATM   15  C   UNL     1      -6.510 -30.434 -41.793  1.00  0.00     0.089 A 
INPUT-LIGAND-PDBQT: HETATM   16  C   UNL     1      -6.689 -29.567 -40.736  1.00  0.00     0.024 A 
INPUT-LIGAND-PDBQT: HETATM   17  C   UNL     1      -5.730 -29.493 -39.741  1.00  0.00     0.002 A 
INPUT-LIGAND-PDBQT: BRANCH  15  18
INPUT-LIGAND-PDBQT: HETATM   18  O   UNL     1      -7.468 -30.480 -42.791  1.00  0.00    -0.359 OA
INPUT-LIGAND-PDBQT: HETATM   19  H   UNL     1      -7.344 -31.078 -43.518  1.00  0.00     0.217 HD
INPUT-LIGAND-PDBQT: ENDBRANCH  15  18
INPUT-LIGAND-PDBQT: ENDBRANCH   4  12
INPUT-LIGAND-PDBQT: BRANCH   7  20
INPUT-LIGAND-PDBQT: HETATM   20  O   UNL     1      -3.764 -29.525 -34.503  1.00  0.00    -0.359 OA
INPUT-LIGAND-PDBQT: HETATM   21  H   UNL     1      -4.561 -29.527 -35.020  1.00  0.00     0.217 HD
INPUT-LIGAND-PDBQT: ENDBRANCH   7  20
INPUT-LIGAND-PDBQT: BRANCH   9  22
INPUT-LIGAND-PDBQT: HETATM   22  O   UNL     1       0.993 -29.809 -34.171  1.00  0.00    -0.359 OA
INPUT-LIGAND-PDBQT: HETATM   23  H   UNL     1       0.916 -29.662 -33.236  1.00  0.00     0.217 HD
INPUT-LIGAND-PDBQT: ENDBRANCH   9  22
INPUT-LIGAND-PDBQT: TORSDOF 4
________________________________________________________________________________

Total charge on ligand                               =	-0.003 e
REMARK  4 active torsions:
REMARK  status: ('A' for Active; 'I' for Inactive)
REMARK    1  A    between atoms: C_4  and  C_10 
REMARK    2  A    between atoms: C_7  and  O_19 
REMARK    3  A    between atoms: C_9  and  O_20 
REMARK    4  A    between atoms: C_13  and  O_18 


Number of Rotatable Bonds in Small Molecule =	4 torsions
Number of atoms in ligand:  23

Number of non-hydrogen atoms in ligand:  20

Number of vibrational degrees of freedom of ligand:  63


Number of torsional degrees of freedom = 4
Estimated loss of torsional free energy upon binding = +1.1932 kcal/mol


DPF> about -3.384 -30.087 -37.931            # small molecule center

Small molecule center of rotation =	(-3.384, -30.087, -37.931)

DPF> epdb                            # **add** this to evaluate the small molecule

Number of "true" ligand atoms:  23



		Ligand Intramolecular Energy Analysis
		=====================================

Non-bond  Atom1-Atom2  Distance   Total        Elec     vdW        Hb     Desolv     Sol_fn   Type Dielectric
________  ___________  ________   ______  _________  ________ ________  ________   ________   ____ __________
      1       1-13      6.3798   -0.0041    +0.0000   -0.0037   +0.0000   -0.0004    +0.0275   1    34.046
      2       1-14      7.7879   -0.0010    +0.0002   -0.0011   +0.0000   -0.0001    +0.0127   1    43.579
      3       1-15      8.4780   +0.0006    +0.0005   +0.0000   +0.0000   +0.0001    +0.0083   1    48.019
      4       1-16      7.9894   -0.0009    +0.0002   -0.0009   +0.0000   -0.0001    +0.0113   1    44.900
      5       1-17      6.6549   -0.0032    +0.0000   -0.0029   +0.0000   -0.0004    +0.0239   1    35.936
      6       1-18      9.8558   -0.0013    -0.0015   +0.0000   +0.0000   +0.0002    +0.0031   1    55.960
      7       1-19     10.3024   +0.0010    +0.0008   +0.0000   +0.0000   +0.0002    +0.0022   1    58.224
      8       1-21      4.7227   +0.0084    +0.0046   -0.0016   +0.0000   +0.0054    +0.0560   1    22.991
      9       2-13      5.0491   -0.0136    +0.0001   -0.0140   +0.0000   +0.0003    +0.0495   1    25.087
     10       2-14      6.4479   -0.0026    +0.0005   -0.0035   +0.0000   +0.0004    +0.0266   1    34.514
     11       2-15      7.0875   +0.0004    +0.0016   -0.0020   +0.0000   +0.0007    +0.0190   1    38.888
     12       2-16      6.5846   -0.0022    +0.0005   -0.0031   +0.0000   +0.0003    +0.0248   1    35.451
     13       2-17      5.2528   -0.0110    +0.0001   -0.0114   +0.0000   +0.0002    +0.0456   1    26.419
     14       2-18      8.4684   -0.0039    -0.0044   +0.0000   +0.0000   +0.0005    +0.0083   1    47.950
     15       2-19      8.9394   +0.0030    +0.0024   +0.0000   +0.0000   +0.0006    +0.0061   1    50.827
     16       2-21      3.9215   +0.0177    +0.0153   -0.0046   +0.0000   +0.0071    +0.0731   1    18.119
     17       2-23      4.4097   +0.0153    +0.0117   -0.0024   +0.0000   +0.0060    +0.0625   1    21.044
     18       3-14      4.2094   -0.0219    +0.0017   -0.0249   +0.0000   +0.0014    +0.0667   1    19.829
     19       3-15      4.9807   -0.0084    +0.0043   -0.0149   +0.0000   +0.0022    +0.0508   1    24.642
     20       3-16      4.7484   -0.0162    +0.0013   -0.0186   +0.0000   +0.0011    +0.0554   1    23.158
     21       3-18      6.3291   -0.0106    -0.0099   -0.0024   +0.0000   +0.0018    +0.0282   1    33.692
     22       3-19      6.7143   +0.0073    +0.0052   -0.0002   +0.0000   +0.0023    +0.0232   1    36.337
     23       3-21      4.8325   +0.0150    +0.0111   -0.0014   +0.0000   +0.0052    +0.0537   1    23.699
     24       3-23      6.7859   +0.0071    +0.0051   -0.0002   +0.0000   +0.0022    +0.0224   1    36.828
     25       4-19      6.2142   +0.0058    +0.0032   -0.0003   +0.0000   +0.0029    +0.0298   1    32.908
     26       4-21      3.8822   +0.0116    +0.0093   -0.0049   +0.0000   +0.0072    +0.0739   1    17.886
     27       4-23      7.0578   +0.0041    +0.0024   -0.0001   +0.0000   +0.0019    +0.0194   1    38.677
     28       5-14      5.0719   -0.0095    +0.0018   -0.0136   +0.0000   +0.0023    +0.0490   1    25.248
     29       5-15      5.3599   -0.0013    +0.0057   -0.0102   +0.0000   +0.0031    +0.0437   1    27.140
     30       5-16      4.6059   -0.0160    +0.0022   -0.0210   +0.0000   +0.0028    +0.0584   1    22.251
     31       5-18      6.7177   -0.0137    -0.0138   -0.0017   +0.0000   +0.0018    +0.0232   1    36.369
     32       5-19      7.3329   +0.0084    +0.0069   -0.0001   +0.0000   +0.0016    +0.0166   1    40.546
     33       5-21      2.4249   +0.0924    +0.0820   +0.0003   +0.0000   +0.0102    +0.1054   1    10.251
     34       5-23      6.1296   +0.0130    +0.0103   -0.0003   +0.0000   +0.0030    +0.0310   1    32.336
     35       6-13      4.9782   -0.0150    +0.0001   -0.0149   +0.0000   -0.0002    +0.0508   1    24.642
     36       6-14      6.3060   -0.0034    +0.0004   -0.0040   +0.0000   +0.0001    +0.0285   1    33.540
     37       6-15      6.7309   -0.0006    +0.0014   -0.0027   +0.0000   +0.0007    +0.0230   1    36.448
     38       6-16      6.0308   -0.0045    +0.0005   -0.0052   +0.0000   +0.0002    +0.0325   1    31.652
     39       6-17      4.6569   -0.0203    +0.0001   -0.0202   +0.0000   -0.0002    +0.0573   1    22.569
     40       6-18      8.1057   -0.0032    -0.0038   +0.0000   +0.0000   +0.0006    +0.0105   1    45.654
     41       6-19      8.6787   +0.0027    +0.0020   +0.0000   +0.0000   +0.0007    +0.0072   1    49.256
     42       6-23      4.6653   +0.0119    +0.0081   -0.0017   +0.0000   +0.0055    +0.0571   1    22.633
     43       7-13      6.2717   -0.0040    +0.0000   -0.0041   +0.0000   +0.0000    +0.0290   1    33.302
     44       7-14      7.5549   -0.0009    +0.0003   -0.0013   +0.0000   +0.0001    +0.0146   1    42.039
     45       7-15      7.8707   +0.0005    +0.0011   -0.0010   +0.0000   +0.0004    +0.0121   1    44.129
     46       7-16      7.0476   -0.0015    +0.0004   -0.0020   +0.0000   +0.0002    +0.0195   1    38.617
     47       7-17      5.6831   -0.0072    +0.0001   -0.0073   +0.0000   +0.0000    +0.0380   1    29.299
     48       7-18      9.2210   -0.0030    -0.0033   +0.0000   +0.0000   +0.0003    +0.0050   1    52.465
     49       7-19      9.8461   +0.0021    +0.0018   +0.0000   +0.0000   +0.0003    +0.0031   1    55.910
     50       7-23      3.8908   +0.0163    +0.0139   -0.0048   +0.0000   +0.0071    +0.0738   1    17.932
     51       8-13      7.3836   -0.0018    +0.0000   -0.0015   +0.0000   -0.0003    +0.0161   1    40.890
     52       8-14      8.7243   +0.0001    +0.0001   +0.0000   +0.0000   -0.0001    +0.0070   1    49.529
     53       8-15      9.1389   +0.0005    +0.0004   +0.0000   +0.0000   +0.0001    +0.0053   1    51.994
     54       8-16      8.3694   +0.0001    +0.0001   +0.0000   +0.0000   -0.0001    +0.0089   1    47.333
     55       8-17      6.9936   -0.0024    +0.0000   -0.0021   +0.0000   -0.0003    +0.0200   1    38.253
     56       8-18     10.5055   -0.0012    -0.0013   +0.0000   +0.0000   +0.0001    +0.0019   1    59.198
     57       8-19     11.0952   +0.0008    +0.0007   +0.0000   +0.0000   +0.0001    +0.0011   1    61.838
     58       9-13      7.3903   -0.0015    +0.0000   -0.0015   +0.0000   +0.0000    +0.0161   1    40.932
     59       9-14      8.7859   +0.0003    +0.0002   +0.0000   +0.0000   +0.0001    +0.0067   1    49.908
     60       9-15      9.3614   +0.0009    +0.0008   +0.0000   +0.0000   +0.0001    +0.0045   1    53.269
     61       9-16      8.7327   +0.0003    +0.0002   +0.0000   +0.0000   +0.0001    +0.0070   1    49.584
     62       9-17      7.3594   -0.0015    +0.0000   -0.0016   +0.0000   +0.0000    +0.0164   1    40.733
     63       9-18     10.7447   -0.0023    -0.0024   +0.0000   +0.0000   +0.0001    +0.0015   1    60.305
     64       9-19     11.2579   +0.0014    +0.0013   +0.0000   +0.0000   +0.0001    +0.0010   1    62.513
     65       9-21      4.4096   +0.0138    +0.0102   -0.0024   +0.0000   +0.0060    +0.0625   1    21.044
     66      10-13      4.1653   -0.0234    -0.0003   -0.0243   +0.0000   +0.0013    +0.0677   1    19.559
     67      10-14      5.5538   -0.0066    -0.0022   -0.0054   +0.0000   +0.0009    +0.0402   1    28.439
     68      10-15      6.3442   -0.0073    -0.0059   -0.0024   +0.0000   +0.0010    +0.0280   1    33.794
     69      10-16      6.0522   -0.0042    -0.0018   -0.0032   +0.0000   +0.0008    +0.0322   1    31.811
     70      10-17      4.8357   -0.0111    -0.0002   -0.0119   +0.0000   +0.0010    +0.0537   1    23.720
     71      10-18      7.6951   +0.0156    +0.0155   -0.0004   +0.0000   +0.0005    +0.0135   1    42.965
     72      10-19      8.0730   -0.0079    -0.0084   +0.0000   +0.0000   +0.0005    +0.0107   1    45.442
     73      10-21      4.8650   -0.0244    -0.0266   +0.0000   -0.0004   +0.0026    +0.0531   1    23.906
     74      10-23      5.6001   -0.0174    -0.0192   +0.0000   -0.0001   +0.0020    +0.0395   1    28.740
     75      11-13      4.2552   -0.0220    -0.0003   -0.0225   +0.0000   +0.0008    +0.0658   1    20.096
     76      11-14      5.2584   -0.0090    -0.0023   -0.0074   +0.0000   +0.0008    +0.0455   1    26.459
     77      11-15      5.2745   -0.0145    -0.0085   -0.0073   +0.0000   +0.0013    +0.0452   1    26.576
     78      11-16      4.3320   -0.0233    -0.0036   -0.0208   +0.0000   +0.0011    +0.0641   1    20.561
     79      11-17      3.0664   -0.0156    -0.0007   -0.0161   +0.0000   +0.0011    +0.0921   1    13.385
     80      11-18      6.5495   +0.0206    +0.0208   -0.0011   +0.0000   +0.0009    +0.0253   1    35.206
     81      11-19      7.2526   -0.0091    -0.0100   +0.0000   -0.0000   +0.0009    +0.0174   1    40.011
     82      11-21      1.8517   -0.8024    -0.2038   +0.0000   -0.6043   +0.0057    +0.1159   1     7.703
     83      11-23      6.7908   -0.0105    -0.0116   +0.0000   -0.0000   +0.0011    +0.0223   1    36.860
     84      12-19      4.7254   +0.0043    +0.0005   -0.0016   +0.0000   +0.0054    +0.0559   1    23.012
     85      12-21      4.8070   +0.0043    +0.0004   -0.0014   +0.0000   +0.0053    +0.0542   1    23.533
     86      12-23      8.5597   +0.0009    +0.0001   +0.0000   +0.0000   +0.0008    +0.0078   1    48.520
     87      13-19      3.9801   +0.0029    +0.0003   -0.0043   +0.0000   +0.0070    +0.0718   1    18.443
     88      13-20      6.5765   -0.0011    -0.0001   -0.0019   +0.0000   +0.0010    +0.0249   1    35.402
     89      13-21      6.0477   +0.0029    +0.0001   -0.0003   +0.0000   +0.0031    +0.0323   1    31.776
     90      13-22      8.6861   +0.0002    -0.0001   +0.0000   +0.0000   +0.0003    +0.0072   1    49.300
     91      13-23      9.4012   +0.0005    +0.0000   +0.0000   +0.0000   +0.0004    +0.0044   1    53.493
     92      14-20      7.7268   -0.0013    -0.0012   -0.0007   +0.0000   +0.0006    +0.0132   1    43.180
     93      14-21      7.1000   +0.0026    +0.0009   -0.0001   +0.0000   +0.0018    +0.0189   1    38.978
     94      14-22     10.0925   -0.0006    -0.0007   +0.0000   +0.0000   +0.0001    +0.0026   1    57.180
     95      14-23     10.7970   +0.0005    +0.0004   +0.0000   +0.0000   +0.0001    +0.0015   1    60.540
     96      15-20      7.8429   -0.0043    -0.0043   -0.0007   +0.0000   +0.0007    +0.0123   1    43.947
     97      15-21      7.1060   +0.0050    +0.0033   -0.0001   +0.0000   +0.0018    +0.0189   1    39.008
     98      15-22     10.7136   -0.0022    -0.0023   +0.0000   +0.0000   +0.0001    +0.0016   1    60.160
     99      15-23     11.3562   +0.0014    +0.0013   +0.0000   +0.0000   +0.0001    +0.0009   1    62.911
    100      16-20      6.8853   -0.0021    -0.0016   -0.0015   +0.0000   +0.0009    +0.0212   1    37.516
    101      16-21      6.0994   +0.0040    +0.0012   -0.0003   +0.0000   +0.0030    +0.0315   1    32.127
    102      16-22     10.1080   -0.0006    -0.0007   +0.0000   +0.0000   +0.0001    +0.0026   1    57.258
    103      16-23     10.6815   +0.0005    +0.0004   +0.0000   +0.0000   +0.0002    +0.0016   1    60.020
    104      17-19      4.4026   +0.0039    +0.0002   -0.0024   +0.0000   +0.0061    +0.0626   1    21.000
    105      17-20      5.5949   -0.0038    -0.0002   -0.0051   +0.0000   +0.0016    +0.0395   1    28.703
    106      17-21      4.8637   +0.0040    +0.0002   -0.0013   +0.0000   +0.0051    +0.0531   1    23.885
    107      17-22      8.7363   +0.0002    -0.0001   +0.0000   +0.0000   +0.0003    +0.0070   1    49.606
    108      17-23      9.3012   +0.0005    +0.0000   +0.0000   +0.0000   +0.0005    +0.0047   1    52.928
    109      18-20      9.1281   +0.0130    +0.0127   +0.0000   +0.0000   +0.0003    +0.0053   1    51.934
    110      18-21      8.3515   -0.0088    -0.0092   +0.0000   +0.0000   +0.0004    +0.0090   1    47.215
    111      18-22     12.0972   +0.0076    +0.0076   +0.0000   +0.0000   +0.0000    +0.0005   1    65.666
    112      18-23     12.7381   -0.0042    -0.0042   +0.0000   +0.0000   +0.0000    +0.0003   1    67.712
    113      19-20      9.8234   -0.0065    -0.0066   +0.0000   +0.0000   +0.0002    +0.0032   1    55.785
    114      19-21      9.0756   +0.0047    +0.0047   +0.0000   +0.0000   +0.0000    +0.0055   1    51.624
    115      19-22     12.5890   -0.0043    -0.0043   +0.0000   +0.0000   +0.0000    +0.0003   1    67.263
    116      19-23     13.2647   +0.0024    +0.0024   +0.0000   +0.0000   +0.0000    +0.0001   1    69.174
    117      20-23      4.8504   -0.0293    -0.0315   +0.0000   -0.0005   +0.0026    +0.0534   1    23.803
    118      21-22      5.6256   -0.0205    -0.0224   +0.0000   -0.0001   +0.0019    +0.0390   1    28.908
    119      21-23      5.7618   +0.0128    +0.0128   -0.0000   +0.0000   +0.0000    +0.0367   1    29.834
                                ________   ________  ________  ________  ________
Total                            -0.9367    -0.1144   -0.3889    -0.6055   +0.1721
                                ________  ________  ________  ________ ________
                                   Total       Elec       vdW        Hb    Desolv


	Per-atom Intramolecular Energy Analysis
	=======================================

Atom Type   Total     Elec       vdW        Hb     Desolv 
____ ___  ________  ________  ________  ________  ________
   1  A    -0.0003   +0.0024   -0.0051   +0.0000   +0.0024
   2  A    +0.0015   +0.0139   -0.0204   +0.0000   +0.0080
   3  A    -0.0138   +0.0094   -0.0313   +0.0000   +0.0081
   4  A    +0.0107   +0.0074   -0.0027   +0.0000   +0.0060
   5  A    +0.0366   +0.0475   -0.0233   +0.0000   +0.0124
   6  A    -0.0163   +0.0044   -0.0243   +0.0000   +0.0037
   7  A    +0.0011   +0.0072   -0.0103   +0.0000   +0.0043
   8  A    -0.0020   +0.0001   -0.0018   +0.0000   -0.0002
   9  A    +0.0057   +0.0052   -0.0027   +0.0000   +0.0032
  10  OA   -0.0433   -0.0246   -0.0238   -0.0003   +0.0054
  11  OA   -0.4429   -0.1100   -0.0376   -0.3022   +0.0069
  12  A    +0.0047   +0.0005   -0.0015   +0.0000   +0.0057
  13  A    -0.0400   -0.0001   -0.0466   +0.0000   +0.0067
  14  A    -0.0267   +0.0001   -0.0310   +0.0000   +0.0043
  15  A    -0.0147   -0.0003   -0.0206   +0.0000   +0.0063
  16  A    -0.0333   -0.0003   -0.0383   +0.0000   +0.0053
  17  A    -0.0339   -0.0002   -0.0412   +0.0000   +0.0075
  18  OA   +0.0022   +0.0013   -0.0028   +0.0000   +0.0037
  19  HD   +0.0114   +0.0015   -0.0044   -0.0000   +0.0144
  20  OA   -0.0177   -0.0165   -0.0049   -0.0002   +0.0039
  21  HD   -0.3285   -0.0530   -0.0091   -0.3024   +0.0361
  22  OA   -0.0101   -0.0115   +0.0000   -0.0000   +0.0014
  23  HD   +0.0129   +0.0012   -0.0048   -0.0003   +0.0168


Total Intramolecular Interaction Energy   = -0.937 kcal/mol
Unbound model to be used is 'same as bound' [AutoDock 4.2 default].


		Intermolecular Energy Analysis
		==============================

Atom Atom    Total      vdW+Hbond  Electrosta  Desolvation Partial          Coordinates         
 Num Type    Energy      Energy    tic Energy     Energy    Charge      x         y         z    
____ ____  __________  __________  __________  __________ _______  ________  ________  ________
   1  A      -0.1488     -0.1792      0.0054      0.0250   0.0490   -0.0490  -30.0380  -36.3180
   2  A      -0.0967     -0.1504      0.0020      0.0517   0.1070   -1.2520  -30.0630  -37.0550
   3  A      -0.0894     -0.1343     -0.0315      0.0764   0.1260   -2.2620  -30.3250  -39.1950
   4  A      -0.2654     -0.2794     -0.0190      0.0330   0.0640   -3.5200  -30.2000  -38.6990
   5  A      -0.1411     -0.2035     -0.0248      0.0872   0.2010   -3.7090  -29.9680  -37.2470
   6  A      -0.1431     -0.1814      0.0050      0.0333   0.0840   -2.4700  -29.8790  -36.4380
   7  A      -0.1107     -0.1707      0.0279      0.0321   0.0960   -2.5260  -29.6550  -35.0500
   8  A      -0.1629     -0.1917      0.0132      0.0156   0.0480   -1.3540  -29.6530  -34.2880
   9  A       0.4089      0.3524      0.0161      0.0404   0.0930   -0.1620  -29.8220  -34.9400
  10  OA      1.9884      1.7979      0.0103      0.1802  -0.3050   -1.1480  -30.2720  -38.4060
  11  OA     -0.1053     -0.2887      0.0509      0.1325  -0.2860   -4.8470  -29.8310  -36.8240
  12  A      -0.2643     -0.2650     -0.0024      0.0031   0.0050   -4.5820  -30.2840  -39.7670
  13  A      -0.1458     -0.1456     -0.0014      0.0012   0.0020   -4.4070  -31.1850  -40.8340
  14  A       3.5248      3.5252     -0.0174      0.0169   0.0240   -5.3870  -31.2620  -41.8550
  15  A     105.2854    105.2677     -0.0529      0.0706   0.0890   -6.5100  -30.4340  -41.7930
  16  A      23.2571     23.2498     -0.0127      0.0200   0.0240   -6.6890  -29.5670  -40.7360
  17  A       0.8063      0.8058     -0.0009      0.0015   0.0020   -5.7300  -29.4930  -39.7410
  18  OA      1.5411      1.0601      0.1909      0.2900  -0.3590   -7.4680  -30.4800  -42.7910
  19  HD      0.0356     -0.0320     -0.0993      0.1669   0.2170   -7.3440  -31.0780  -43.5180
  20  OA     -0.4025     -0.3960     -0.1286      0.1220  -0.3590   -3.7640  -29.5250  -34.5030
  21  HD      0.1237     -0.0070      0.0402      0.0905   0.2170   -4.5610  -29.5270  -35.0200
  22  OA     31.9166     31.8210     -0.0794      0.1750  -0.3590    0.9930  -29.8090  -34.1710
  23  HD      0.2720      0.1581      0.0184      0.0955   0.2170    0.9160  -29.6620  -33.2360
          __________  __________  __________  _______ ________
    Total   167.0838    165.4128     -0.0901     1.7610  -0.0030
          __________  __________  __________  __________ _______
          vdW+Hbond+   vdW+Hbond  Electrosta  Desolvation Partial
          +Elec+Desolv   Energy    tic Energy    Energy    Charge
              Energy 

Total Intermolecular Interaction Energy          = +167.0838 kcal/mol
Total Intermolecular vdW + Hbond + desolv Energy = +167.1738 kcal/mol
Total Intermolecular Electrostatic Energy        =  -0.0901 kcal/mol
Total Intermolecular + Intramolecular Energy     = +166.1471 kcal/mol


epdb: USER    Estimated Free Energy of Binding    = +167.34 kcal/mol  [=(1)+(2)+(3)-(4)]
epdb: USER    
epdb: USER    (1) Final Intermolecular Energy     = +167.08 kcal/mol
epdb: USER        vdW + Hbond + desolv Energy     = +167.17 kcal/mol
epdb: USER        Electrostatic Energy            =   -0.09 kcal/mol
epdb: USER    (2) Final Total Internal Energy     =   -0.94 kcal/mol
epdb: USER    (3) Torsional Free Energy           =   +1.19 kcal/mol
epdb: USER    (4) Unbound System's Energy         =   +0.00 kcal/mol
epdb: USER    
epdb: USER    

>>> Closing the docking parameter file (DPF)...
This docking finished at:			10:14 28" p.m., 07/18/2022


________________________________________________________________________________

autodock4: Successful Completion on "lgx"

Real= 0.11s,  CPU= 0.10s,  System= 0.01s
________________________________________________________________________________

