2022-04-27 17:14:51,317 [MainThread  ] [INFO ]  Executing AutoDock Vina
2022-04-27 17:14:51,318 [MainThread  ] [INFO ]  Not using any container
2022-04-27 17:15:07,234 [MainThread  ] [INFO ]  vina --ligand prep_ligand.pdbqt --receptor prep_receptor.pdbqt --center_x=28.230 --center_y=-19.599 --center_z=-15.996 --size_x=26.367 --size_y=22.956 --size_z=26.581 --out output_vina.pdbqt --log output_vina.log

2022-04-27 17:15:07,235 [MainThread  ] [INFO ]  Exit code 0

2022-04-27 17:15:07,235 [MainThread  ] [INFO ]  #################################################################
# If you used AutoDock Vina in your work, please cite:          #
#                                                               #
# O. Trott, A. J. Olson,                                        #
# AutoDock Vina: improving the speed and accuracy of docking    #
# with a new scoring function, efficient optimization and       #
# multithreading, Journal of Computational Chemistry 31 (2010)  #
# 455-461                                                       #
#                                                               #
# DOI 10.1002/jcc.21334                                         #
#                                                               #
# Please see http://vina.scripps.edu for more information.      #
#################################################################

Detected 4 CPUs
Reading input ... done.
Setting up the scoring function ... done.
Analyzing the binding site ... done.
Using random seed: 283957434
Performing search ... 
0%   10   20   30   40   50   60   70   80   90   100%
|----|----|----|----|----|----|----|----|----|----|
***************************************************
done.
Refining results ... done.

mode |   affinity | dist from best mode
     | (kcal/mol) | rmsd l.b.| rmsd u.b.
-----+------------+----------+----------
   1         -6.7      0.000      0.000
   2         -6.2      1.428      6.765
   3         -6.2      1.306      2.863
   4         -6.1      3.380      8.224
   5         -6.1      2.917      6.866
   6         -6.0      1.905      7.519
   7         -5.9      2.785      6.743
   8         -5.7      2.258      8.075
   9         -5.6      3.273      7.532
Writing output ... done.

