2022-04-27 17:15:19,002 [MainThread  ] [INFO ]  Executing AutoDock Vina
2022-04-27 17:15:19,003 [MainThread  ] [INFO ]  Not using any container
2022-04-27 17:15:34,156 [MainThread  ] [INFO ]  vina --ligand prep_ligand.pdbqt --receptor prep_receptor.pdbqt --center_x=28.230 --center_y=-19.599 --center_z=-15.996 --size_x=26.367 --size_y=22.956 --size_z=26.581 --out output_vina.pdbqt --log output_vina.log

2022-04-27 17:15:34,157 [MainThread  ] [INFO ]  Exit code 0

2022-04-27 17:15:34,158 [MainThread  ] [INFO ]  #################################################################
# If you used AutoDock Vina in your work, please cite:          #
#                                                               #
# O. Trott, A. J. Olson,                                        #
# AutoDock Vina: improving the speed and accuracy of docking    #
# with a new scoring function, efficient optimization and       #
# multithreading, Journal of Computational Chemistry 31 (2010)  #
# 455-461                                                       #
#                                                               #
# DOI 10.1002/jcc.21334                                         #
#                                                               #
# Please see http://vina.scripps.edu for more information.      #
#################################################################

Detected 4 CPUs
Reading input ... done.
Setting up the scoring function ... done.
Analyzing the binding site ... done.
Using random seed: -717034437
Performing search ... 
0%   10   20   30   40   50   60   70   80   90   100%
|----|----|----|----|----|----|----|----|----|----|
***************************************************
done.
Refining results ... done.

mode |   affinity | dist from best mode
     | (kcal/mol) | rmsd l.b.| rmsd u.b.
-----+------------+----------+----------
   1         -6.7      0.000      0.000
   2         -6.2      1.307      2.647
   3         -6.2      1.426      6.763
   4         -6.1      3.360      8.207
   5         -6.1      2.915      6.787
   6         -5.9      2.823      6.722
   7         -5.8      2.139      7.886
   8         -5.8      1.415      1.737
   9         -5.7      7.228     10.424
Writing output ... done.

