
                         MODELLER 10.2, 2021/11/15, r12267

     PROTEIN STRUCTURE MODELLING BY SATISFACTION OF SPATIAL RESTRAINTS


                     Copyright(c) 1989-2021 Andrej Sali
                            All Rights Reserved

                             Written by A. Sali
                               with help from
              B. Webb, M.S. Madhusudhan, M-Y. Shen, G.Q. Dong,
          M.A. Marti-Renom, N. Eswar, F. Alber, M. Topf, B. Oliva,
             A. Fiser, R. Sanchez, B. Yerkovich, A. Badretdinov,
                     F. Melo, J.P. Overington, E. Feyfant
                 University of California, San Francisco, USA
                    Rockefeller University, New York, USA
                      Harvard University, Cambridge, USA
                   Imperial Cancer Research Fund, London, UK
              Birkbeck College, University of London, London, UK


Kind, OS, HostName, Kernel, Processor: 4, Linux lgx 5.13.0-30-generic x86_64
Date and time of compilation         : 2021/11/15 19:12:27
MODELLER executable type             : x86_64-intel8
Job starting time (YY/MM/DD HH:MM:SS): 2022/05/30 17:50:53

openf___224_> Open           $(LIB)/restyp.lib
openf___224_> Open           ${MODINSTALL10v2}/modlib/resgrp.lib
rdresgr_266_> Number of residue groups:        2
openf___224_> Open           ${MODINSTALL10v2}/modlib/sstruc.lib

Dynamically allocated memory at   amaxlibraries [B,KiB,MiB]:       191566     187.076     0.183

Dynamically allocated memory at   amaxlibraries [B,KiB,MiB]:       192094     187.592     0.183
openf___224_> Open           ${MODINSTALL10v2}/modlib/resdih.lib

Dynamically allocated memory at   amaxlibraries [B,KiB,MiB]:       240694     235.053     0.230
rdrdih__263_> Number of dihedral angle types         :        9
              Maximal number of dihedral angle optima:        3
              Dihedral angle names                   :  Alph Phi Psi Omeg chi1 chi2 chi3 chi4 chi5
openf___224_> Open           ${MODINSTALL10v2}/modlib/radii.lib

Dynamically allocated memory at   amaxlibraries [B,KiB,MiB]:       253994     248.041     0.242
openf___224_> Open           ${MODINSTALL10v2}/modlib/af_mnchdef.lib
rdwilmo_274_> Mainchain residue conformation classes:  APBLE
openf___224_> Open           ${MODINSTALL10v2}/modlib/mnch.lib
rdclass_257_> Number of classes:        5
openf___224_> Open           ${MODINSTALL10v2}/modlib/mnch1.lib
openf___224_> Open           ${MODINSTALL10v2}/modlib/mnch2.lib
openf___224_> Open           ${MODINSTALL10v2}/modlib/mnch3.lib
openf___224_> Open           ${MODINSTALL10v2}/modlib/xs4.mat
rdrrwgh_268_> Number of residue types:       21
openf___224_> Open           align_1lxl.ali

Dynamically allocated memory at   amaxalignment [B,KiB,MiB]:       282425     275.806     0.269

Dynamically allocated memory at   amaxalignment [B,KiB,MiB]:       297517     290.544     0.284

Dynamically allocated memory at   amaxalignment [B,KiB,MiB]:       312917     305.583     0.298

Dynamically allocated memory at   amaxalignment [B,KiB,MiB]:       343717     335.661     0.328

Dynamically allocated memory at   amaxalignment [B,KiB,MiB]:       405317     395.817     0.387

Dynamically allocated memory at    amaxsequence [B,KiB,MiB]:       406137     396.618     0.387

Dynamically allocated memory at    amaxsequence [B,KiB,MiB]:       407057     397.517     0.388

Read the alignment from file       : align_1lxl.ali

Total number of alignment positions:   231

  #  Code        #_Res #_Segm PDB_code    Name
-------------------------------------------------------------------------------
  1  1lxl_temp     206      1 bclxl_MAIN. Bcl-xl
  2  1lxl_sequ     231      1
check_a_343_> >> BEGINNING OF COMMAND
openf___224_> Open           bclxl_MAIN.pdb

Dynamically allocated memory at amaxcoordinates [B,KiB,MiB]:       470582     459.553     0.449

Dynamically allocated memory at    amaxsequence [B,KiB,MiB]:       470582     459.553     0.449

Dynamically allocated memory at amaxcoordinates [B,KiB,MiB]:       470753     459.720     0.449

Dynamically allocated memory at amaxcoordinates [B,KiB,MiB]:       471603     460.550     0.450

Dynamically allocated memory at amaxcoordinates [B,KiB,MiB]:       472861     461.778     0.451

Dynamically allocated memory at amaxcoordinates [B,KiB,MiB]:       474765     463.638     0.453

Dynamically allocated memory at    amaxsequence [B,KiB,MiB]:       474765     463.638     0.453

Dynamically allocated memory at amaxcoordinates [B,KiB,MiB]:       474855     463.726     0.453

Dynamically allocated memory at amaxcoordinates [B,KiB,MiB]:       477711     466.515     0.456

Dynamically allocated memory at    amaxsequence [B,KiB,MiB]:       477711     466.515     0.456

Dynamically allocated memory at amaxcoordinates [B,KiB,MiB]:       477846     466.646     0.456

Dynamically allocated memory at amaxcoordinates [B,KiB,MiB]:       482130     470.830     0.460

Dynamically allocated memory at    amaxsequence [B,KiB,MiB]:       482130     470.830     0.460

Dynamically allocated memory at amaxcoordinates [B,KiB,MiB]:       482328     471.023     0.460

Dynamically allocated memory at amaxcoordinates [B,KiB,MiB]:       488754     477.299     0.466

Dynamically allocated memory at    amaxsequence [B,KiB,MiB]:       488754     477.299     0.466

Dynamically allocated memory at amaxcoordinates [B,KiB,MiB]:       489051     477.589     0.466

Dynamically allocated memory at amaxcoordinates [B,KiB,MiB]:       498673     486.985     0.476

Dynamically allocated memory at    amaxsequence [B,KiB,MiB]:       498673     486.985     0.476

Dynamically allocated memory at amaxcoordinates [B,KiB,MiB]:       499123     487.425     0.476

Dynamically allocated memory at amaxcoordinates [B,KiB,MiB]:       513573     501.536     0.490

Dynamically allocated memory at    amaxsequence [B,KiB,MiB]:       513573     501.536     0.490

Dynamically allocated memory at amaxcoordinates [B,KiB,MiB]:       514248     502.195     0.490

Dynamically allocated memory at amaxcoordinates [B,KiB,MiB]:       535906     523.346     0.511

Dynamically allocated memory at   amaxstructure [B,KiB,MiB]:       535735     523.179     0.511

check_ali___> Checking the sequence-structure alignment. 

Implied intrachain target CA(i)-CA(i+1) distances longer than  8.0 angstroms:

ALN_POS  TMPL  RID1  RID2  NAM1  NAM2     DIST
----------------------------------------------
END OF TABLE
check_a_344_> << END OF COMMAND
openf___224_> Open           ${LIB}/top_heav.lib
read_to_681_> topology.submodel read from topology file:        3
openf___224_> Open           ${LIB}/par.lib

Dynamically allocated memory at  amaxparameters [B,KiB,MiB]:       674987     659.167     0.644

Dynamically allocated memory at  amaxparameters [B,KiB,MiB]:       676587     660.729     0.645

Dynamically allocated memory at  amaxparameters [B,KiB,MiB]:       680567     664.616     0.649

Dynamically allocated memory at  amaxparameters [B,KiB,MiB]:       682567     666.569     0.651

Dynamically allocated memory at  amaxparameters [B,KiB,MiB]:       685567     669.499     0.654

Dynamically allocated memory at  amaxparameters [B,KiB,MiB]:       690067     673.894     0.658

Dynamically allocated memory at  amaxparameters [B,KiB,MiB]:       695639     679.335     0.663

Dynamically allocated memory at  amaxparameters [B,KiB,MiB]:       698439     682.069     0.666

Dynamically allocated memory at  amaxparameters [B,KiB,MiB]:       702639     686.171     0.670

Dynamically allocated memory at  amaxparameters [B,KiB,MiB]:       708939     692.323     0.676

Dynamically allocated memory at  amaxparameters [B,KiB,MiB]:       711711     695.030     0.679

Dynamically allocated memory at  amaxparameters [B,KiB,MiB]:       713111     696.397     0.680
read_pa_232_> parameters    BONDS   ANGLS  DIHEDS IMPROPS    MODE
                              227     561     661     112       0

Dynamically allocated memory at       amaxmodel [B,KiB,MiB]:       749221     731.661     0.715

Dynamically allocated memory at       amaxmodel [B,KiB,MiB]:       929149     907.372     0.886

Dynamically allocated memory at       amaxmodel [B,KiB,MiB]:       956685     934.263     0.912

mkilst______> segment topology constructed from sequence and RTF:
              segments residues  atoms  bonds angles dihedrals impropers:
                     1      231   1817   1860      0         0       791

Dynamically allocated memory at       amaxmodel [B,KiB,MiB]:      1034437    1010.192     0.987

patch_______> segment topology patched using RTF:  1 ;  MET  ;  NTER
              segments residues  atoms  bonds angles dihedrals impropers:
                     1      231   1817   1860   2523      2969       791


Dynamically allocated memory at       amaxmodel [B,KiB,MiB]:      1111213    1085.169     1.060
patch_______> segment topology patched using RTF:  231 ;  SER  ;  CTER
              segments residues  atoms  bonds angles dihedrals impropers:
                     1      231   1818   1861   2525      2971       792

genseg______> segment topology constructed from sequence and RTF:
              segments residues  atoms  bonds angles dihedrals impropers:
                     1      231   1818   1861   2525      2971       792
transfe_506_> MODEL is an average of all templates.
transfe_511_> Number of templates for coordinate transfer:        1
              After transferring coordinates of the equivalent template atoms,
              there are defined, undefined atoms in MODEL:     1618      200
openf___224_> Open           1lxl_sequence.ini
wrpdb___568_> Residues, atoms, selected atoms:      231     1818     1818
make_re_417_> Restraint type to be calculated:  stereo

Dynamically allocated memory at  amaxrestraints [B,KiB,MiB]:      1218662    1190.100     1.162

Dynamically allocated memory at  amaxrestraints [B,KiB,MiB]:      1226854    1198.100     1.170

Dynamically allocated memory at  amaxrestraints [B,KiB,MiB]:      1243238    1214.100     1.186

Dynamically allocated memory at  amaxrestraints [B,KiB,MiB]:      1276006    1246.100     1.217

Dynamically allocated memory at  amaxrestraints [B,KiB,MiB]:      1308774    1278.100     1.248

Dynamically allocated memory at  amaxrestraints [B,KiB,MiB]:      1374310    1342.100     1.311

Dynamically allocated memory at  amaxrestraints [B,KiB,MiB]:      1407078    1374.100     1.342

Dynamically allocated memory at  amaxrestraints [B,KiB,MiB]:      1439846    1406.100     1.373

Dynamically allocated memory at  amaxrestraints [B,KiB,MiB]:      1505382    1470.100     1.436

Dynamically allocated memory at  amaxrestraints [B,KiB,MiB]:      1636454    1598.100     1.561

Dynamically allocated memory at  amaxrestraints [B,KiB,MiB]:      1701990    1662.100     1.623
r_stere_606_> Stereochemical restraints were constructed from RTF & PRMF.
              Added bond,angle,dihedral,improper restraints  :     1861    2525    2805     785
              Total number of restraints before, now         :        0     7976
make_re_422_> Number of previous, current restraints         :        0     7976
make_re_423_> Number of previous, current selected restraints:        0     7976
make_re_417_> Restraint type to be calculated:  phi-psi_binormal

Dynamically allocated memory at   amaxstructure [B,KiB,MiB]:      1834216    1791.227     1.749
openf___224_> Open           ${MODINSTALL10v2}/modlib/mnch1.bin
openf___224_> Open           ${MODINSTALL10v2}/modlib/mnch1.mdt
getdata_643_> Protein accepted:  1lxl_template
getdata_289_> Proteins (all/accepted):        1        1

Dynamically allocated memory at  amaxrestraints [B,KiB,MiB]:      1899768    1855.242     1.812

Dynamically allocated memory at  amaxrestraints [B,KiB,MiB]:      2030840    1983.242     1.937
make_re_422_> Number of previous, current restraints         :     7976     8205
make_re_423_> Number of previous, current selected restraints:     7976     8205
make_re_417_> Restraint type to be calculated:  omega_dihedral

Dynamically allocated memory at   amaxstructure [B,KiB,MiB]:      2030840    1983.242     1.937
openf___224_> Open           ${MODINSTALL10v2}/modlib/omega.bin
openf___224_> Open           ${MODINSTALL10v2}/modlib/omega.mdt
getdata_643_> Protein accepted:  1lxl_template
getdata_289_> Proteins (all/accepted):        1        1
omgdel__425_> Unselected all O C +N +CA dihedrals:      237
              (This is to avoid clashes between STEREO
              and OMEGA_DIHEDRAL restraints)
make_re_422_> Number of previous, current restraints         :     8205     8435
make_re_423_> Number of previous, current selected restraints:     8205     8198
make_re_417_> Restraint type to be calculated:  chi1_dihedral

Dynamically allocated memory at   amaxstructure [B,KiB,MiB]:      2030840    1983.242     1.937
openf___224_> Open           ${MODINSTALL10v2}/modlib/chi1234.bin
openf___224_> Open           ${MODINSTALL10v2}/modlib/chi1.mdt
getdata_643_> Protein accepted:  1lxl_template
getdata_289_> Proteins (all/accepted):        1        1
make_re_422_> Number of previous, current restraints         :     8435     8627
make_re_423_> Number of previous, current selected restraints:     8198     8390
make_re_417_> Restraint type to be calculated:  chi2_dihedral

Dynamically allocated memory at   amaxstructure [B,KiB,MiB]:      2030840    1983.242     1.937
openf___224_> Open           ${MODINSTALL10v2}/modlib/chi1234.bin
openf___224_> Open           ${MODINSTALL10v2}/modlib/chi2.mdt
getdata_643_> Protein accepted:  1lxl_template
getdata_289_> Proteins (all/accepted):        1        1

Dynamically allocated memory at  amaxrestraints [B,KiB,MiB]:      2161912    2111.242     2.062
make_re_422_> Number of previous, current restraints         :     8627     8766
make_re_423_> Number of previous, current selected restraints:     8390     8529
make_re_417_> Restraint type to be calculated:  chi3_dihedral

Dynamically allocated memory at   amaxstructure [B,KiB,MiB]:      2161912    2111.242     2.062
openf___224_> Open           ${MODINSTALL10v2}/modlib/chi1234.bin
openf___224_> Open           ${MODINSTALL10v2}/modlib/chi3.mdt
getdata_643_> Protein accepted:  1lxl_template
getdata_289_> Proteins (all/accepted):        1        1
make_re_422_> Number of previous, current restraints         :     8766     8828
make_re_423_> Number of previous, current selected restraints:     8529     8591
make_re_417_> Restraint type to be calculated:  chi4_dihedral

Dynamically allocated memory at   amaxstructure [B,KiB,MiB]:      2161912    2111.242     2.062
openf___224_> Open           ${MODINSTALL10v2}/modlib/chi1234.bin
openf___224_> Open           ${MODINSTALL10v2}/modlib/chi4.mdt
mdtrsr__446W> A potential that relies on one protein is used, yet you have at
              least one known structure available. MDT, not library, potential is used.
getdata_643_> Protein accepted:  1lxl_template
getdata_289_> Proteins (all/accepted):        1        1
make_re_422_> Number of previous, current restraints         :     8828     8846
make_re_423_> Number of previous, current selected restraints:     8591     8609
make_re_417_> Restraint type to be calculated:  DISTANCE

Dynamically allocated memory at amaxhash_contac [B,KiB,MiB]:      2685460    2622.520     2.561

Dynamically allocated memory at  amaxrestraints [B,KiB,MiB]:      2947604    2878.520     2.811

Dynamically allocated memory at  amaxrestraints [B,KiB,MiB]:      3078676    3006.520     2.936
make_re_422_> Number of previous, current restraints         :     8846    12020
make_re_423_> Number of previous, current selected restraints:     8609    11783
make_re_417_> Restraint type to be calculated:  DISTANCE
make_re_422_> Number of previous, current restraints         :    12020    15279
make_re_423_> Number of previous, current selected restraints:    11783    15042
make_re_417_> Restraint type to be calculated:  DISTANCE

Dynamically allocated memory at  amaxrestraints [B,KiB,MiB]:      3340820    3262.520     3.186
make_re_422_> Number of previous, current restraints         :    15279    18611
make_re_423_> Number of previous, current selected restraints:    15042    18374
make_re_417_> Restraint type to be calculated:  DISTANCE

Dynamically allocated memory at  amaxrestraints [B,KiB,MiB]:      3865108    3774.520     3.686
make_re_422_> Number of previous, current restraints         :    18611    20103
make_re_423_> Number of previous, current selected restraints:    18374    19866
0 atoms in HETATM/BLK residues constrained
to protein atoms within 2.30 angstroms
and protein CA atoms within 10.00 angstroms
make_re_417_> Restraint type to be calculated:  DISTANCE
make_re_422_> Number of previous, current restraints         :    20103    20103
make_re_423_> Number of previous, current selected restraints:    19866    19866
make_re_417_> Restraint type to be calculated:  DISTANCE
make_re_422_> Number of previous, current restraints         :    20103    20103
make_re_423_> Number of previous, current selected restraints:    19866    19866
make_re_417_> Restraint type to be calculated:  DISTANCE
make_re_422_> Number of previous, current restraints         :    20103    20103
make_re_423_> Number of previous, current selected restraints:    19866    19866
make_re_417_> Restraint type to be calculated:  DISTANCE
make_re_422_> Number of previous, current restraints         :    20103    20103
make_re_423_> Number of previous, current selected restraints:    19866    19866
0 atoms in residues without defined topology
constrained to be rigid bodies
make_re_417_> Restraint type to be calculated:  DISTANCE
make_re_422_> Number of previous, current restraints         :    20103    20103
make_re_423_> Number of previous, current selected restraints:    19866    19866
rmdupl__427_>     1361 redundant cosine dihedral restraints were unselected.
condens_443_> Restraints marked for deletion were removed.
              Total number of restraints before, now:    20103    18505
openf___224_> Open           1lxl_sequence.rsr
openf___224_> Open           1lxl_sequence.rsr
rdcsr2__307_> Number of restraints read    :    18505
              Number of excluded pairs read:        0
              Number of pseudo atoms read  :        0
rdcsrs__304_> Restraints in memory, selected restraints:    18505    18505
              Explicitly excluded atom pairs in memory :        0
              Pseudo atoms in memory                   :        0
openf___224_> Open           1lxl_sequence.ini

Dynamically allocated memory at       amaxmodel [B,KiB,MiB]:      3459739    3378.651     3.299
read_mo_297_> Segments, residues, atoms:        1      231     1818
read_mo_298_> Segment:        1  1:A  231:A     1818
randomi_498_> Atoms,selected atoms,random_seed,amplitude:     1818     1818        1        4.0000
randomi_496_> Amplitude is > 0; randomization is done.
pick_re_612_> Number of MODEL atoms, selected restraints;     1818    11262
pick_re_612_> Number of MODEL atoms, selected restraints;     1818    12808
pick_re_612_> Number of MODEL atoms, selected restraints;     1818    13696
pick_re_612_> Number of MODEL atoms, selected restraints;     1818    14542
pick_re_612_> Number of MODEL atoms, selected restraints;     1818    15004
pick_re_612_> Number of MODEL atoms, selected restraints;     1818    15189
pick_re_612_> Number of MODEL atoms, selected restraints;     1818    16361
pick_re_612_> Number of MODEL atoms, selected restraints;     1818    16926

Dynamically allocated memory at  amaxrestraints [B,KiB,MiB]:      3795943    3706.976     3.620
pick_re_612_> Number of MODEL atoms, selected restraints;     1818    17374
pick_re_612_> Number of MODEL atoms, selected restraints;     1818    18505
pick_re_612_> Number of MODEL atoms, selected restraints;     1818    18505
iupac_m_486_> OE1/2 will be swapped:      175.8970       42  42
iupac_m_486_> OE1/2 will be swapped:     -168.0381       46  46
iupac_m_485_> OD1/2 will be swapped:      139.3393       61  61
iupac_m_486_> OE1/2 will be swapped:     -115.9083       79  79
iupac_m_487_> NH1/2 swapped:     -176.8139       91  91
iupac_m_486_> OE1/2 will be swapped:     -179.0885       92  92
iupac_m_486_> OE1/2 will be swapped:       94.0751       98  98
iupac_m_487_> NH1/2 swapped:     -179.6472      100  100
iupac_m_487_> NH1/2 swapped:     -179.2506      102  102
iupac_m_487_> NH1/2 swapped:      179.5019      132  132
iupac_m_487_> NH1/2 swapped:     -179.7346      139  139
iupac_m_483_> CD1/2 CE1/2 swapped:      -90.5126      144  144
iupac_m_397W> Atoms were not swapped because of the uncertainty of how to handle the H atom.
iupac_m_485_> OD1/2 will be swapped:      144.7387      176  176
iupac_m_486_> OE1/2 will be swapped:     -179.3707      208  208
iupac_m_487_> NH1/2 swapped:      179.8176      209  209


>> ENERGY; Differences between the model's features and restraints:
Number of all residues in MODEL                   :      231
Number of all, selected real atoms                :     1818    1818
Number of all, selected pseudo atoms              :        0       0
Number of all static, selected restraints         :    18505   18505
COVALENT_CYS                                      :        F
NONBONDED_SEL_ATOMS                               :        1
Number of non-bonded pairs (excluding 1-2,1-3,1-4):     3485
Dynamic pairs routine                             : 2, NATM x NATM cell sorting
Atomic shift for contacts update (UPDATE_DYNAMIC) :    0.390
LENNARD_JONES_SWITCH                              :    6.500   7.500
COULOMB_JONES_SWITCH                              :    6.500   7.500
RESIDUE_SPAN_RANGE                                :        0   99999
NLOGN_USE                                         :       15
CONTACT_SHELL                                     :    4.000
DYNAMIC_PAIRS,_SPHERE,_COULOMB,_LENNARD,_MODELLER :        T       T       F       F       F
SPHERE_STDV                                       :    0.050
RADII_FACTOR                                      :    0.820
Current energy                                    :        1870.8983





Summary of the restraint violations: 

   NUM     ... number of restraints.
   NUMVI   ... number of restraints with RVIOL > VIOL_REPORT_CUT[i].
   RVIOL   ... relative difference from the best value.
   NUMVP   ... number of restraints with -Ln(pdf) > VIOL_REPORT_CUT2[i].
   RMS_1   ... RMS(feature, minimally_violated_basis_restraint, NUMB).
   RMS_2   ... RMS(feature, best_value, NUMB).
   MOL.PDF ... scaled contribution to -Ln(Molecular pdf).

 #                     RESTRAINT_GROUP      NUM   NUMVI  NUMVP   RMS_1   RMS_2         MOL.PDF     S_i
------------------------------------------------------------------------------------------------------
 1 Bond length potential              :    1861       0      0   0.005   0.005      13.886       1.000
 2 Bond angle potential               :    2525       0      4   1.950   1.950      192.99       1.000
 3 Stereochemical cosine torsion poten:    1207       0     62  48.504  48.504      438.04       1.000
 4 Stereochemical improper torsion pot:     785       0      1   1.325   1.325      35.248       1.000
 5 Soft-sphere overlap restraints     :    3485       0      0   0.003   0.003      2.8574       1.000
 6 Lennard-Jones 6-12 potential       :       0       0      0   0.000   0.000      0.0000       1.000
 7 Coulomb point-point electrostatic p:       0       0      0   0.000   0.000      0.0000       1.000
 8 H-bonding potential                :       0       0      0   0.000   0.000      0.0000       1.000
 9 Distance restraints 1 (CA-CA)      :    3174       1      4   0.190   0.190      116.49       1.000
10 Distance restraints 2 (N-O)        :    3259       0     26   0.328   0.328      306.42       1.000
11 Mainchain Phi dihedral restraints  :       0       0      0   0.000   0.000      0.0000       1.000
12 Mainchain Psi dihedral restraints  :       0       0      0   0.000   0.000      0.0000       1.000
13 Mainchain Omega dihedral restraints:     230       1      4   4.725   4.725      60.544       1.000
14 Sidechain Chi_1 dihedral restraints:     192       0      6  60.465  60.465      43.070       1.000
15 Sidechain Chi_2 dihedral restraints:     139       0      3  59.230  59.230      44.700       1.000
16 Sidechain Chi_3 dihedral restraints:      62       0      0  69.304  69.304      43.438       1.000
17 Sidechain Chi_4 dihedral restraints:      18       0      0  92.923  92.923      10.661       1.000
18 Disulfide distance restraints      :       0       0      0   0.000   0.000      0.0000       1.000
19 Disulfide angle restraints         :       0       0      0   0.000   0.000      0.0000       1.000
20 Disulfide dihedral angle restraints:       0       0      0   0.000   0.000      0.0000       1.000
21 Lower bound distance restraints    :       0       0      0   0.000   0.000      0.0000       1.000
22 Upper bound distance restraints    :       0       0      0   0.000   0.000      0.0000       1.000
23 Distance restraints 3 (SDCH-MNCH)  :    3332       0      0   0.503   0.503      140.76       1.000
24 Sidechain Chi_5 dihedral restraints:       0       0      0   0.000   0.000      0.0000       1.000
25 Phi/Psi pair of dihedral restraints:     229      45     59  38.045  77.045      334.16       1.000
26 Distance restraints 4 (SDCH-SDCH)  :    1492       0      0   0.659   0.659      87.633       1.000
27 Distance restraints 5 (X-Y)        :       0       0      0   0.000   0.000      0.0000       1.000
28 NMR distance restraints 6 (X-Y)    :       0       0      0   0.000   0.000      0.0000       1.000
29 NMR distance restraints 7 (X-Y)    :       0       0      0   0.000   0.000      0.0000       1.000
30 Minimal distance restraints        :       0       0      0   0.000   0.000      0.0000       1.000
31 Non-bonded restraints              :       0       0      0   0.000   0.000      0.0000       1.000
32 Atomic accessibility restraints    :       0       0      0   0.000   0.000      0.0000       1.000
33 Atomic density restraints          :       0       0      0   0.000   0.000      0.0000       1.000
34 Absolute position restraints       :       0       0      0   0.000   0.000      0.0000       1.000
35 Dihedral angle difference restraint:       0       0      0   0.000   0.000      0.0000       1.000
36 GBSA implicit solvent potential    :       0       0      0   0.000   0.000      0.0000       1.000
37 EM density fitting potential       :       0       0      0   0.000   0.000      0.0000       1.000
38 SAXS restraints                    :       0       0      0   0.000   0.000      0.0000       1.000
39 Symmetry restraints                :       0       0      0   0.000   0.000      0.0000       1.000



openf___224_> Open           1lxl_sequence.V99990001
# Heavy relative violation of each residue is written to: 1lxl_sequence.V99990001
# The profile is NOT normalized by the number of restraints.
# The profiles are smoothed over a window of residues:    1
# The sum of all numbers in the file:   26003.2578



List of the violated restraints:
   A restraint is violated when the relative difference
   from the best value (RVIOL) is larger than CUTOFF.

   ICSR   ... index of a restraint in the current set.
   RESNO  ... residue numbers of the first two atoms.
   ATM    ... IUPAC atom names of the first two atoms.
   FEAT   ... the value of the feature in the model.
   restr  ... the mean of the basis restraint with the smallest
              difference from the model (local minimum).
   viol   ... difference from the local minimum.
   rviol  ... relative difference from the local minimum.
   RESTR  ... the best value (global minimum).
   VIOL   ... difference from the best value.
   RVIOL  ... relative difference from the best value.


-------------------------------------------------------------------------------------------------

Feature 13                           : Mainchain Omega dihedral restraints     
List of the RVIOL violations larger than   :       4.5000

    #   ICSR  RESNO1/2 ATM1/2   INDATM1/2    FEAT   restr    viol   rviol   RESTR    VIOL   RVIOL
    1   6710 103R 103R CA  C     795  803 -153.82 -180.00   26.18    5.23 -180.00   26.18    5.23

-------------------------------------------------------------------------------------------------

Feature 25                           : Phi/Psi pair of dihedral restraints     
List of the RVIOL violations larger than   :       6.5000

    #   ICSR  RESNO1/2 ATM1/2   INDATM1/2    FEAT   restr    viol   rviol   RESTR    VIOL   RVIOL
    1   6406  28S  29D C   N     232  234  -79.55  -96.50   47.51    2.00   54.50  137.13   14.40
    1         29D  29D N   CA    234  235   69.81  114.20                   40.90
    2   6410  32E  33N C   N     265  267   50.97  -71.20  125.03    9.63  -63.20 -171.84   20.39
    2         33N  33N N   CA    267  268  169.35  142.80                  -41.10
    3   6416  38P  39E C   N     312  314   70.69   54.60   79.09    7.37   54.60   79.09    7.37
    3         39E  39E N   CA    314  315  119.84   42.40                   42.40
    4   6417  39E  40G C   N     321  323  119.48   82.20   37.49    2.65  -62.40 -173.94   30.64
    4         40G  40G N   CA    323  324   12.56    8.50                  -41.20
    5   6425  47T  48P C   N     380  382  -75.97  -64.50   59.99    3.92  -58.70  124.62   11.72
    5         48P  48P N   CA    382  383 -153.92  147.20                  -30.50
    6   6426  48P  49S C   N     387  389  -61.74  -64.10   26.11    1.76   56.90  153.50   18.92
    6         49S  49S N   CA    389  390  -61.01  -35.00                   36.40
    7   6427  49S  50A C   N     393  395 -150.41 -134.00   33.80    2.08   55.40  173.36   20.60
    7         50A  50A N   CA    395  396  117.45  147.00                   38.20
    8   6428  50A  51I C   N     398  400  -64.95  -63.40    9.96    1.58 -120.60  173.25    7.89
    8         51I  51I N   CA    400  401  -33.77  -43.60                  130.30
    9   6429  51I  52N C   N     406  408   72.01   55.90  107.95    8.77  -71.20  143.26   10.46
    9         52N  52N N   CA    408  409  146.24   39.50                  142.80
   10   6431  53G  54N C   N     418  420   86.80 -119.90  154.91    6.97 -119.90  154.91    6.97
   10         54N  54N N   CA    420  421  114.75  137.00                  137.00
   11   6433  55P  56S C   N     433  435  -75.18  -64.10   15.92    1.27   56.90  145.05   18.48
   11         56S  56S N   CA    435  436  -23.57  -35.00                   36.40
   12   6441  63P  64A C   N     497  499   88.77   55.40  144.84    6.23  -62.50  163.43   28.26
   12         64A  64A N   CA    499  500 -102.75   38.20                  -40.90
   13   6443  65V  66N C   N     509  511   63.22   55.90   74.01    5.73  -63.20 -160.57   31.70
   13         66N  66N N   CA    511  512  113.14   39.50                  -41.10
   14   6449  71H  72S C   N     547  549 -140.41  -64.10   97.51   12.44  -64.10   97.51   12.44
   14         72S  72S N   CA    549  550  -95.70  -35.00                  -35.00
   15   6450  72S  73S C   N     553  555  -76.91  -64.10   19.82    1.50   56.90  145.16   18.49
   15         73S  73S N   CA    555  556  -19.87  -35.00                   36.40
   16   6452  74S  75L C   N     565  567   74.28   60.20   93.06    6.76   60.20   93.06    6.76
   16         75L  75L N   CA    567  568  121.59   29.60                   29.60
   17   6457  79E  80V C   N     606  608  -43.92  -62.40   39.23    4.29 -125.40  161.72    9.28
   17         80V  80V N   CA    608  609  -77.00  -42.40                  143.30
   18   6460  82P  83M C   N     628  630  165.58   56.30  110.16   18.74   56.30  110.16   18.74
   18         83M  83M N   CA    630  631   20.88   34.80                   34.80
   19   6480 102R 103R C   N     792  794  -66.26  -63.00   31.05    4.42  -72.10  146.24   11.38
   19        103R 103R N   CA    794  795  -71.97  -41.10                  141.90
   20   6481 103R 104A C   N     803  805  -47.83  -62.50   14.67    2.81   55.40  130.20   15.15
   20        104A 104A N   CA    805  806  -41.14  -40.90                   38.20
   21   6493 115T 116P C   N     896  898  -58.02  -58.70    5.43    0.50  -64.50  172.43   12.53
   21        116P 116P N   CA    898  899  -25.11  -30.50                  147.20
   22   6494 116P 117G C   N     903  905  -77.42  -62.40   15.51    2.59   82.20  166.08   12.47
   22        117G 117G N   CA    905  906  -37.34  -41.20                    8.50
   23   6536 158E 159M C   N    1233 1235  -86.79  -63.40   60.40    7.60  -63.40   60.40    7.60
   23        159M 159M N   CA   1235 1236   15.19  -40.50                  -40.50
   24   6562 184E 185N C   N    1451 1453 -104.65  -63.20   92.58    9.99  -63.20   92.58    9.99
   24        185N 185N N   CA   1453 1454   41.68  -41.10                  -41.10
   25   6576 198N 199A C   N    1563 1565  167.04 -134.00   98.06    5.93   55.40  115.72   13.57
   25        199A 199A N   CA   1565 1566   68.64  147.00                   38.20
   26   6584 206G 207Q C   N    1617 1619  -90.49  -73.00   66.50    4.71  -63.80  119.85   16.34
   26        207Q 207Q N   CA   1619 1620   76.54  140.70                  -40.30
   27   6586 208E 209R C   N    1635 1637  -84.13  -72.10   12.19    0.89  -63.00  176.25   25.26
   27        209R 209R N   CA   1637 1638  143.92  141.90                  -41.10
   28   6587 209R 210F C   N    1646 1648  -70.20  -71.40    2.09    0.13  -63.20  176.85   25.03
   28        210F 210F N   CA   1648 1649  138.99  140.70                  -44.30
   29   6588 210F 211N C   N    1657 1659  -67.68  -71.20   31.00    1.89  -63.20  153.16   18.91
   29        211N 211N N   CA   1659 1660  112.00  142.80                  -41.10
   30   6589 211N 212R C   N    1665 1667 -134.30 -125.20   22.65    0.86  -63.00  172.94   28.24
   30        212R 212R N   CA   1667 1668  161.35  140.60                  -41.10
   31   6590 212R 213W C   N    1676 1678  -71.56  -71.30    7.84    0.59  -63.00  169.18   21.68
   31        213W 213W N   CA   1678 1679  146.83  139.00                  -44.20
   32   6591 213W 214F C   N    1690 1692 -102.27 -124.20   22.56    1.03  -63.20  171.60   26.45
   32        214F 214F N   CA   1692 1693  148.61  143.30                  -44.30
   33   6592 214F 215L C   N    1701 1703  -65.89  -70.70   11.01    0.69  -63.50  172.92   23.87
   33        215L 215L N   CA   1703 1704  131.70  141.60                  -41.20
   34   6593 215L 216T C   N    1709 1711  -99.87  -78.10   31.95    1.14  -63.20  149.29   21.59
   34        216T 216T N   CA   1711 1712  173.18  149.80                  -42.10
   35   6594 216T 217G C   N    1716 1718  -79.04  -80.20    1.19    0.09   82.20 -128.68    7.13
   35        217G 217G N   CA   1718 1719  174.36  174.10                    8.50
   36   6595 217G 218M C   N    1720 1722  -70.74  -73.00    4.78    0.36  -63.40  172.44   26.32
   36        218M 218M N   CA   1722 1723  147.22  143.00                  -40.50
   37   6596 218M 219T C   N    1728 1730 -120.89 -124.80   22.45    1.08  -63.20  162.85   24.70
   37        219T 219T N   CA   1730 1731  165.61  143.50                  -42.10
   38   6598 220V 221A C   N    1742 1744 -148.75 -134.00   16.73    0.38  -62.50 -174.52   35.01
   38        221A 221A N   CA   1744 1745  154.90  147.00                  -40.90
   39   6599 221A 222G C   N    1747 1749  -80.54  -80.20    7.83    0.33   82.20 -133.34    7.21
   39        222G 222G N   CA   1749 1750  166.27  174.10                    8.50
   40   6602 224V 225L C   N    1765 1767  -62.84  -70.70    8.53    0.65  -63.50  179.50   24.96
   40        225L 225L N   CA   1767 1768  138.29  141.60                  -41.20
   41   6603 225L 226L C   N    1773 1775 -104.19 -108.50   26.34    1.46  -63.50  165.39   25.46
   41        226L 226L N   CA   1775 1776  158.49  132.50                  -41.20
   42   6604 226L 227G C   N    1781 1783  103.58   78.70   75.84    1.25   82.20  115.74    6.67
   42        227G 227G N   CA   1783 1784  122.26 -166.10                    8.50
   43   6605 227G 228S C   N    1785 1787  -92.99  -72.40   38.02    1.74  -64.10  143.58   12.35
   43        228S 228S N   CA   1787 1788 -175.64  152.40                  -35.00
   44   6606 228S 229L C   N    1791 1793  -87.71 -108.50   21.44    0.97  -63.50  170.21   22.36
   44        229L 229L N   CA   1793 1794  127.28  132.50                  -41.20
   45   6607 229L 230F C   N    1799 1801 -125.57 -124.20    7.20    0.30  -63.20  176.70   28.64
   45        230F 230F N   CA   1801 1802  150.37  143.30                  -44.30


report______> Distribution of short non-bonded contacts:


DISTANCE1:  0.00 2.10 2.20 2.30 2.40 2.50 2.60 2.70 2.80 2.90 3.00 3.10 3.20 3.30 3.40
DISTANCE2:  2.10 2.20 2.30 2.40 2.50 2.60 2.70 2.80 2.90 3.00 3.10 3.20 3.30 3.40 3.50
FREQUENCY:     0    0    0    0    1   18   30  101  137  189  180  218  244  243  261


<< end of ENERGY.
openf___224_> Open           1lxl_sequence.B99990001.pdb
wrpdb___568_> Residues, atoms, selected atoms:      231     1818     1818

>> Summary of successfully produced models:
Filename                          molpdf
----------------------------------------
1lxl_sequence.B99990001.pdb     1870.89832

