
                         MODELLER 10.2, 2021/11/15, r12267

     PROTEIN STRUCTURE MODELLING BY SATISFACTION OF SPATIAL RESTRAINTS


                     Copyright(c) 1989-2021 Andrej Sali
                            All Rights Reserved

                             Written by A. Sali
                               with help from
              B. Webb, M.S. Madhusudhan, M-Y. Shen, G.Q. Dong,
          M.A. Marti-Renom, N. Eswar, F. Alber, M. Topf, B. Oliva,
             A. Fiser, R. Sanchez, B. Yerkovich, A. Badretdinov,
                     F. Melo, J.P. Overington, E. Feyfant
                 University of California, San Francisco, USA
                    Rockefeller University, New York, USA
                      Harvard University, Cambridge, USA
                   Imperial Cancer Research Fund, London, UK
              Birkbeck College, University of London, London, UK


Kind, OS, HostName, Kernel, Processor: 4, Linux lgx 5.13.0-30-generic x86_64
Date and time of compilation         : 2021/11/15 19:12:27
MODELLER executable type             : x86_64-intel8
Job starting time (YY/MM/DD HH:MM:SS): 2022/05/26 23:20:32

openf___224_> Open           $(LIB)/restyp.lib
openf___224_> Open           ${MODINSTALL10v2}/modlib/resgrp.lib
rdresgr_266_> Number of residue groups:        2
openf___224_> Open           ${MODINSTALL10v2}/modlib/sstruc.lib

Dynamically allocated memory at   amaxlibraries [B,KiB,MiB]:       191566     187.076     0.183

Dynamically allocated memory at   amaxlibraries [B,KiB,MiB]:       192094     187.592     0.183
openf___224_> Open           ${MODINSTALL10v2}/modlib/resdih.lib

Dynamically allocated memory at   amaxlibraries [B,KiB,MiB]:       240694     235.053     0.230
rdrdih__263_> Number of dihedral angle types         :        9
              Maximal number of dihedral angle optima:        3
              Dihedral angle names                   :  Alph Phi Psi Omeg chi1 chi2 chi3 chi4 chi5
openf___224_> Open           ${MODINSTALL10v2}/modlib/radii.lib

Dynamically allocated memory at   amaxlibraries [B,KiB,MiB]:       253994     248.041     0.242
openf___224_> Open           ${MODINSTALL10v2}/modlib/af_mnchdef.lib
rdwilmo_274_> Mainchain residue conformation classes:  APBLE
openf___224_> Open           ${MODINSTALL10v2}/modlib/mnch.lib
rdclass_257_> Number of classes:        5
openf___224_> Open           ${MODINSTALL10v2}/modlib/mnch1.lib
openf___224_> Open           ${MODINSTALL10v2}/modlib/mnch2.lib
openf___224_> Open           ${MODINSTALL10v2}/modlib/mnch3.lib
openf___224_> Open           ${MODINSTALL10v2}/modlib/xs4.mat
rdrrwgh_268_> Number of residue types:       21
openf___224_> Open           modeller_alignment_quimera.ali

Dynamically allocated memory at   amaxalignment [B,KiB,MiB]:       283002     276.369     0.270

Dynamically allocated memory at   amaxalignment [B,KiB,MiB]:       298535     291.538     0.285

Dynamically allocated memory at   amaxalignment [B,KiB,MiB]:       314385     307.017     0.300

Dynamically allocated memory at   amaxalignment [B,KiB,MiB]:       346085     337.974     0.330

Dynamically allocated memory at   amaxalignment [B,KiB,MiB]:       409485     399.888     0.391

Dynamically allocated memory at    amaxsequence [B,KiB,MiB]:       409581     399.981     0.391

Dynamically allocated memory at    amaxsequence [B,KiB,MiB]:       410401     400.782     0.391

Dynamically allocated memory at    amaxsequence [B,KiB,MiB]:       411321     401.681     0.392

Read the alignment from file       : modeller_alignment_quimera.ali

Total number of alignment positions:   256

  #  Code        #_Res #_Segm PDB_code    Name
-------------------------------------------------------------------------------
  1  6f46_temp      25      1 bclxl_TMD_Z
  2  1lxl_temp     206      1 bclxl_MAIN. Bcl-xl
  3  1lxl_sequ     231      1
check_a_343_> >> BEGINNING OF COMMAND
openf___224_> Open           bclxl_TMD_Z.pdb

Dynamically allocated memory at amaxcoordinates [B,KiB,MiB]:       420546     410.689     0.401

Dynamically allocated memory at    amaxsequence [B,KiB,MiB]:       420546     410.689     0.401

Dynamically allocated memory at amaxcoordinates [B,KiB,MiB]:       420717     410.856     0.401

Dynamically allocated memory at amaxcoordinates [B,KiB,MiB]:       421567     411.687     0.402

Dynamically allocated memory at amaxcoordinates [B,KiB,MiB]:       422825     412.915     0.403

Dynamically allocated memory at amaxcoordinates [B,KiB,MiB]:       424729     414.774     0.405

Dynamically allocated memory at amaxcoordinates [B,KiB,MiB]:       427585     417.563     0.408

Dynamically allocated memory at amaxcoordinates [B,KiB,MiB]:       431869     421.747     0.412

Dynamically allocated memory at    amaxsequence [B,KiB,MiB]:       431869     421.747     0.412

Dynamically allocated memory at amaxcoordinates [B,KiB,MiB]:       431959     421.835     0.412

Dynamically allocated memory at amaxcoordinates [B,KiB,MiB]:       438385     428.110     0.418

Dynamically allocated memory at   amaxstructure [B,KiB,MiB]:       438340     428.066     0.418
openf___224_> Open           bclxl_MAIN.pdb

Dynamically allocated memory at amaxcoordinates [B,KiB,MiB]:       501865     490.103     0.479

Dynamically allocated memory at    amaxsequence [B,KiB,MiB]:       501865     490.103     0.479

Dynamically allocated memory at amaxcoordinates [B,KiB,MiB]:       502036     490.270     0.479

Dynamically allocated memory at amaxcoordinates [B,KiB,MiB]:       502886     491.100     0.480

Dynamically allocated memory at amaxcoordinates [B,KiB,MiB]:       504144     492.328     0.481

Dynamically allocated memory at amaxcoordinates [B,KiB,MiB]:       506048     494.188     0.483

Dynamically allocated memory at amaxcoordinates [B,KiB,MiB]:       508904     496.977     0.485

Dynamically allocated memory at amaxcoordinates [B,KiB,MiB]:       513188     501.160     0.489

Dynamically allocated memory at    amaxsequence [B,KiB,MiB]:       513188     501.160     0.489

Dynamically allocated memory at amaxcoordinates [B,KiB,MiB]:       513278     501.248     0.490

Dynamically allocated memory at amaxcoordinates [B,KiB,MiB]:       519704     507.523     0.496

Dynamically allocated memory at    amaxsequence [B,KiB,MiB]:       519704     507.523     0.496

Dynamically allocated memory at amaxcoordinates [B,KiB,MiB]:       519839     507.655     0.496

Dynamically allocated memory at amaxcoordinates [B,KiB,MiB]:       529461     517.052     0.505

Dynamically allocated memory at    amaxsequence [B,KiB,MiB]:       529461     517.052     0.505

Dynamically allocated memory at amaxcoordinates [B,KiB,MiB]:       529659     517.245     0.505

Dynamically allocated memory at amaxcoordinates [B,KiB,MiB]:       544109     531.356     0.519

Dynamically allocated memory at    amaxsequence [B,KiB,MiB]:       544109     531.356     0.519

Dynamically allocated memory at amaxcoordinates [B,KiB,MiB]:       544406     531.646     0.519

Dynamically allocated memory at amaxcoordinates [B,KiB,MiB]:       566064     552.797     0.540

Dynamically allocated memory at    amaxsequence [B,KiB,MiB]:       566064     552.797     0.540

Dynamically allocated memory at amaxcoordinates [B,KiB,MiB]:       566514     553.236     0.540

Dynamically allocated memory at amaxcoordinates [B,KiB,MiB]:       599018     584.979     0.571

Dynamically allocated memory at    amaxsequence [B,KiB,MiB]:       599018     584.979     0.571

Dynamically allocated memory at amaxcoordinates [B,KiB,MiB]:       599693     585.638     0.572

Dynamically allocated memory at amaxcoordinates [B,KiB,MiB]:       648449     633.251     0.618

Dynamically allocated memory at   amaxstructure [B,KiB,MiB]:       648278     633.084     0.618

check_ali___> Checking pairwise structural superpositions. 

Equivalent CA pairs with distance difference larger than  6.0 angstroms:

ALN_POS TMPL1 TMPL2  RID1  RID2  NAM1  NAM2     DIST
----------------------------------------------------
drmsq1__W> n<2
drmsq3__W> n<2
END OF TABLE

check_ali___> Checking the sequence-structure alignment. 

Implied intrachain target CA(i)-CA(i+1) distances longer than  8.0 angstroms:

ALN_POS  TMPL  RID1  RID2  NAM1  NAM2     DIST
----------------------------------------------
END OF TABLE
check_a_344_> << END OF COMMAND
openf___224_> Open           ${LIB}/top_allh.lib
read_to_681_> topology.submodel read from topology file:        1
openf___224_> Open           ${LIB}/par.lib

Dynamically allocated memory at  amaxparameters [B,KiB,MiB]:       859758     839.607     0.820

Dynamically allocated memory at  amaxparameters [B,KiB,MiB]:       861358     841.170     0.821

Dynamically allocated memory at  amaxparameters [B,KiB,MiB]:       865338     845.057     0.825

Dynamically allocated memory at  amaxparameters [B,KiB,MiB]:       867338     847.010     0.827

Dynamically allocated memory at  amaxparameters [B,KiB,MiB]:       870338     849.939     0.830

Dynamically allocated memory at  amaxparameters [B,KiB,MiB]:       874838     854.334     0.834

Dynamically allocated memory at  amaxparameters [B,KiB,MiB]:       880410     859.775     0.840

Dynamically allocated memory at  amaxparameters [B,KiB,MiB]:       883210     862.510     0.842

Dynamically allocated memory at  amaxparameters [B,KiB,MiB]:       887410     866.611     0.846

Dynamically allocated memory at  amaxparameters [B,KiB,MiB]:       893710     872.764     0.852

Dynamically allocated memory at  amaxparameters [B,KiB,MiB]:       896482     875.471     0.855

Dynamically allocated memory at  amaxparameters [B,KiB,MiB]:       897882     876.838     0.856
read_pa_232_> parameters    BONDS   ANGLS  DIHEDS IMPROPS    MODE
                              227     561     661     112       0

Dynamically allocated memory at       amaxmodel [B,KiB,MiB]:       933992     912.102     0.891

Dynamically allocated memory at       amaxmodel [B,KiB,MiB]:      1282186    1252.135     1.223

Dynamically allocated memory at       amaxmodel [B,KiB,MiB]:      1328450    1297.314     1.267

getf_______W> RTF restraint not found in the atoms list:
              residue type, indices:    11     1
              atom names           : N     -C    CA    H
              atom indices         :     1     0     3     2

mkilst______> segment topology constructed from sequence and RTF:
              segments residues  atoms  bonds angles dihedrals impropers:
                     1      231   3534   3577      0         0      1102

Dynamically allocated memory at       amaxmodel [B,KiB,MiB]:      1555530    1519.072     1.483


Dynamically allocated memory at       amaxmodel [B,KiB,MiB]:      1720250    1679.932     1.641

Dynamically allocated memory at       amaxmodel [B,KiB,MiB]:      1720406    1680.084     1.641
patch_______> segment topology patched using RTF:  1 ;  MET  ;  NTER
              segments residues  atoms  bonds angles dihedrals impropers:
                     1      231   3536   3579   6412      9395      1102


Dynamically allocated memory at       amaxmodel [B,KiB,MiB]:      1720478    1680.154     1.641
patch_______> segment topology patched using RTF:  231 ;  SER  ;  CTER
              segments residues  atoms  bonds angles dihedrals impropers:
                     1      231   3537   3580   6414      9398      1103

genseg______> segment topology constructed from sequence and RTF:
              segments residues  atoms  bonds angles dihedrals impropers:
                     1      231   3537   3580   6414      9398      1103
transfe_506_> MODEL is an average of all templates.
transfe_511_> Number of templates for coordinate transfer:        2
              After transferring coordinates of the equivalent template atoms,
              there are defined, undefined atoms in MODEL:     3134      403
openf___224_> Open           1lxl_sequence.ini
wrpdb___568_> Residues, atoms, selected atoms:      231     3537     3537
make_re_417_> Restraint type to be calculated:  stereo

Dynamically allocated memory at  amaxrestraints [B,KiB,MiB]:      1827927    1785.085     1.743

Dynamically allocated memory at  amaxrestraints [B,KiB,MiB]:      1836119    1793.085     1.751

Dynamically allocated memory at  amaxrestraints [B,KiB,MiB]:      1852503    1809.085     1.767

Dynamically allocated memory at  amaxrestraints [B,KiB,MiB]:      1885271    1841.085     1.798

Dynamically allocated memory at  amaxrestraints [B,KiB,MiB]:      1918039    1873.085     1.829

Dynamically allocated memory at  amaxrestraints [B,KiB,MiB]:      1983575    1937.085     1.892

Dynamically allocated memory at  amaxrestraints [B,KiB,MiB]:      2016343    1969.085     1.923

Dynamically allocated memory at  amaxrestraints [B,KiB,MiB]:      2049111    2001.085     1.954

Dynamically allocated memory at  amaxrestraints [B,KiB,MiB]:      2114647    2065.085     2.017

Dynamically allocated memory at  amaxrestraints [B,KiB,MiB]:      2245719    2193.085     2.142

Dynamically allocated memory at  amaxrestraints [B,KiB,MiB]:      2311255    2257.085     2.204

Dynamically allocated memory at  amaxrestraints [B,KiB,MiB]:      2376791    2321.085     2.267

Dynamically allocated memory at  amaxrestraints [B,KiB,MiB]:      2507863    2449.085     2.392

Dynamically allocated memory at  amaxrestraints [B,KiB,MiB]:      2770007    2705.085     2.642

Dynamically allocated memory at  amaxrestraints [B,KiB,MiB]:      2901079    2833.085     2.767

Dynamically allocated memory at  amaxrestraints [B,KiB,MiB]:      3032151    2961.085     2.892

Dynamically allocated memory at  amaxrestraints [B,KiB,MiB]:      3294295    3217.085     3.142
generat_607W> Cannot find params in params file:
              CHARMM atoms :  NY CA CPT H
              IUPAC atoms  :  NE1 CD1 CE2 HE1
              Atom indices :      387     385     389     388
              Residues     :  TRP TRP TRP TRP
addprm__440W> Adding params (mean,force,period):        0.0396       60.0000        0
              For atoms:  NY CA CPT H

Dynamically allocated memory at  amaxrestraints [B,KiB,MiB]:      3818583    3729.085     3.642
r_stere_606_> Stereochemical restraints were constructed from RTF & PRMF.
              Added bond,angle,dihedral,improper restraints  :     3580    6414    7695    1096
              Total number of restraints before, now         :        0    18785
make_re_422_> Number of previous, current restraints         :        0    18785
make_re_423_> Number of previous, current selected restraints:        0    18785
make_re_417_> Restraint type to be calculated:  phi-psi_binormal

Dynamically allocated memory at   amaxstructure [B,KiB,MiB]:      4009255    3915.288     3.824
openf___224_> Open           ${MODINSTALL10v2}/modlib/mnch1.bin
openf___224_> Open           ${MODINSTALL10v2}/modlib/mnch1.mdt
getdata_643_> Protein accepted:  6f46_template
getdata_643_> Protein accepted:  1lxl_template
getdata_289_> Proteins (all/accepted):        2        2
make_re_422_> Number of previous, current restraints         :    18785    19014
make_re_423_> Number of previous, current selected restraints:    18785    19014
make_re_417_> Restraint type to be calculated:  omega_dihedral

Dynamically allocated memory at   amaxstructure [B,KiB,MiB]:      4009291    3915.323     3.824
openf___224_> Open           ${MODINSTALL10v2}/modlib/omega.bin
openf___224_> Open           ${MODINSTALL10v2}/modlib/omega.mdt
getdata_643_> Protein accepted:  6f46_template
getdata_643_> Protein accepted:  1lxl_template
getdata_289_> Proteins (all/accepted):        2        2
omgdel__425_> Unselected all O C +N +CA dihedrals:      237
              (This is to avoid clashes between STEREO
              and OMEGA_DIHEDRAL restraints)
make_re_422_> Number of previous, current restraints         :    19014    19244
make_re_423_> Number of previous, current selected restraints:    19014    19007
make_re_417_> Restraint type to be calculated:  chi1_dihedral

Dynamically allocated memory at   amaxstructure [B,KiB,MiB]:      4009291    3915.323     3.824
openf___224_> Open           ${MODINSTALL10v2}/modlib/chi1234.bin
openf___224_> Open           ${MODINSTALL10v2}/modlib/chi1.mdt
getdata_643_> Protein accepted:  6f46_template
getdata_643_> Protein accepted:  1lxl_template
getdata_289_> Proteins (all/accepted):        2        2
make_re_422_> Number of previous, current restraints         :    19244    19436
make_re_423_> Number of previous, current selected restraints:    19007    19199
make_re_417_> Restraint type to be calculated:  chi2_dihedral

Dynamically allocated memory at   amaxstructure [B,KiB,MiB]:      4009291    3915.323     3.824
openf___224_> Open           ${MODINSTALL10v2}/modlib/chi1234.bin
openf___224_> Open           ${MODINSTALL10v2}/modlib/chi2.mdt
getdata_643_> Protein accepted:  6f46_template
getdata_643_> Protein accepted:  1lxl_template
getdata_289_> Proteins (all/accepted):        2        2

Dynamically allocated memory at  amaxrestraints [B,KiB,MiB]:      4271435    4171.323     4.074
make_re_422_> Number of previous, current restraints         :    19436    19575
make_re_423_> Number of previous, current selected restraints:    19199    19338
make_re_417_> Restraint type to be calculated:  chi3_dihedral

Dynamically allocated memory at   amaxstructure [B,KiB,MiB]:      4271435    4171.323     4.074
openf___224_> Open           ${MODINSTALL10v2}/modlib/chi1234.bin
openf___224_> Open           ${MODINSTALL10v2}/modlib/chi3.mdt
getdata_643_> Protein accepted:  6f46_template
getdata_643_> Protein accepted:  1lxl_template
getdata_289_> Proteins (all/accepted):        2        2
make_re_422_> Number of previous, current restraints         :    19575    19637
make_re_423_> Number of previous, current selected restraints:    19338    19400
make_re_417_> Restraint type to be calculated:  chi4_dihedral

Dynamically allocated memory at   amaxstructure [B,KiB,MiB]:      4271435    4171.323     4.074
openf___224_> Open           ${MODINSTALL10v2}/modlib/chi1234.bin
openf___224_> Open           ${MODINSTALL10v2}/modlib/chi4.mdt
mdtrsr__446W> A potential that relies on one protein is used, yet you have at
              least one known structure available. MDT, not library, potential is used.
getdata_643_> Protein accepted:  6f46_template
getdata_643_> Protein accepted:  1lxl_template
getdata_289_> Proteins (all/accepted):        2        2
make_re_422_> Number of previous, current restraints         :    19637    19655
make_re_423_> Number of previous, current selected restraints:    19400    19418
make_re_417_> Restraint type to be calculated:  DISTANCE

Dynamically allocated memory at amaxhash_contac [B,KiB,MiB]:      5290055    5166.069     5.045

Dynamically allocated memory at  amaxrestraints [B,KiB,MiB]:      5552199    5422.069     5.295
make_re_422_> Number of previous, current restraints         :    19655    22829
make_re_423_> Number of previous, current selected restraints:    19418    22592
make_re_417_> Restraint type to be calculated:  DISTANCE
make_re_422_> Number of previous, current restraints         :    22829    26088
make_re_423_> Number of previous, current selected restraints:    22592    25851
make_re_417_> Restraint type to be calculated:  DISTANCE

Dynamically allocated memory at  amaxrestraints [B,KiB,MiB]:      6076487    5934.069     5.795

Dynamically allocated memory at  amaxrestraints [B,KiB,MiB]:      7125063    6958.069     6.795
make_re_422_> Number of previous, current restraints         :    26088    38124
make_re_423_> Number of previous, current selected restraints:    25851    37887
make_re_417_> Restraint type to be calculated:  DISTANCE

Dynamically allocated memory at  amaxrestraints [B,KiB,MiB]:      7649351    7470.069     7.295
make_re_422_> Number of previous, current restraints         :    38124    52286
make_re_423_> Number of previous, current selected restraints:    37887    52049
0 atoms in HETATM/BLK residues constrained
to protein atoms within 2.30 angstroms
and protein CA atoms within 10.00 angstroms
make_re_417_> Restraint type to be calculated:  DISTANCE
make_re_422_> Number of previous, current restraints         :    52286    52286
make_re_423_> Number of previous, current selected restraints:    52049    52049
make_re_417_> Restraint type to be calculated:  DISTANCE
make_re_422_> Number of previous, current restraints         :    52286    52286
make_re_423_> Number of previous, current selected restraints:    52049    52049
make_re_417_> Restraint type to be calculated:  DISTANCE
make_re_422_> Number of previous, current restraints         :    52286    52286
make_re_423_> Number of previous, current selected restraints:    52049    52049
make_re_417_> Restraint type to be calculated:  DISTANCE
make_re_422_> Number of previous, current restraints         :    52286    52286
make_re_423_> Number of previous, current selected restraints:    52049    52049
0 atoms in residues without defined topology
constrained to be rigid bodies
make_re_417_> Restraint type to be calculated:  DISTANCE
make_re_422_> Number of previous, current restraints         :    52286    52286
make_re_423_> Number of previous, current selected restraints:    52049    52049
rmdupl__427_>     1467 redundant cosine dihedral restraints were unselected.
condens_443_> Restraints marked for deletion were removed.
              Total number of restraints before, now:    52286    50582
openf___224_> Open           1lxl_sequence.rsr
openf___224_> Open           1lxl_sequence.rsr

Dynamically allocated memory at  amaxrestraints [B,KiB,MiB]:      8121517    7931.169     7.745
rdcsr2__307_> Number of restraints read    :    50582
              Number of excluded pairs read:        0
              Number of pseudo atoms read  :        0
rdcsrs__304_> Restraints in memory, selected restraints:    50582    50582
              Explicitly excluded atom pairs in memory :        0
              Pseudo atoms in memory                   :        0
401 (of 3537 total) atoms selected for optimization
openf___224_> Open           1lxl_sequence.ini

Dynamically allocated memory at       amaxmodel [B,KiB,MiB]:      8121549    7931.200     7.745
read_mo_297_> Segments, residues, atoms:        1      231     3537
read_mo_298_> Segment:        1  1:A  231:A     3537
randomi_498_> Atoms,selected atoms,random_seed,amplitude:     3537      401        1        4.0000
randomi_496_> Amplitude is > 0; randomization is done.
pick_re_612_> Number of MODEL atoms, selected restraints;      401     2031
pick_re_612_> Number of MODEL atoms, selected restraints;      401     2031
pick_re_612_> Number of MODEL atoms, selected restraints;      401     2031
pick_re_612_> Number of MODEL atoms, selected restraints;      401     2031
pick_re_612_> Number of MODEL atoms, selected restraints;      401     2031
pick_re_612_> Number of MODEL atoms, selected restraints;      401     2031
pick_re_612_> Number of MODEL atoms, selected restraints;      401     2031
pick_re_612_> Number of MODEL atoms, selected restraints;      401     2031

Dynamically allocated memory at  amaxrestraints [B,KiB,MiB]:      8499009    8299.813     8.105
pick_re_612_> Number of MODEL atoms, selected restraints;      401     2031
pick_re_612_> Number of MODEL atoms, selected restraints;      401     2031
pick_re_612_> Number of MODEL atoms, selected restraints;      401     2031
iupac_m_486_> OE1/2 will be swapped:     -128.1871      208  208
iupac_m_397W> Atoms were not swapped because of the uncertainty of how to handle the H atom.
iupac_m_484W> Dihedral still outside +-90:     -128.1871
iupac_m_487_> NH1/2 swapped:     -173.2576      209  209


>> ENERGY; Differences between the model's features and restraints:
Number of all residues in MODEL                   :      231
Number of all, selected real atoms                :     3537     401
Number of all, selected pseudo atoms              :        0       0
Number of all static, selected restraints         :    50582    2031
COVALENT_CYS                                      :        F
NONBONDED_SEL_ATOMS                               :        1
Number of non-bonded pairs (excluding 1-2,1-3,1-4):     1475
Dynamic pairs routine                             : 5, NATM_SEL x NATM double loop
Atomic shift for contacts update (UPDATE_DYNAMIC) :    0.390
LENNARD_JONES_SWITCH                              :    6.500   7.500
COULOMB_JONES_SWITCH                              :    6.500   7.500
RESIDUE_SPAN_RANGE                                :        0   99999
NLOGN_USE                                         :       15
CONTACT_SHELL                                     :    4.000
DYNAMIC_PAIRS,_SPHERE,_COULOMB,_LENNARD,_MODELLER :        T       T       F       F       F
SPHERE_STDV                                       :    0.050
RADII_FACTOR                                      :    0.820
Current energy                                    :        7743.8276





Summary of the restraint violations: 

   NUM     ... number of restraints.
   NUMVI   ... number of restraints with RVIOL > VIOL_REPORT_CUT[i].
   RVIOL   ... relative difference from the best value.
   NUMVP   ... number of restraints with -Ln(pdf) > VIOL_REPORT_CUT2[i].
   RMS_1   ... RMS(feature, minimally_violated_basis_restraint, NUMB).
   RMS_2   ... RMS(feature, best_value, NUMB).
   MOL.PDF ... scaled contribution to -Ln(Molecular pdf).

 #                     RESTRAINT_GROUP      NUM   NUMVI  NUMVP   RMS_1   RMS_2         MOL.PDF     S_i
------------------------------------------------------------------------------------------------------
 1 Bond length potential              :     406       4      4   0.193   0.193      6855.2       1.000
 2 Bond angle potential               :     727      24     25   8.923   8.923      708.65       1.000
 3 Stereochemical cosine torsion poten:     685       0      6  26.008  26.008      76.832       1.000
 4 Stereochemical improper torsion pot:     121       6      7   5.255   5.255      57.187       1.000
 5 Soft-sphere overlap restraints     :    1475       0      0   0.001   0.001     0.13546       1.000
 6 Lennard-Jones 6-12 potential       :       0       0      0   0.000   0.000      0.0000       1.000
 7 Coulomb point-point electrostatic p:       0       0      0   0.000   0.000      0.0000       1.000
 8 H-bonding potential                :       0       0      0   0.000   0.000      0.0000       1.000
 9 Distance restraints 1 (CA-CA)      :       0       0      0   0.000   0.000      0.0000       1.000
10 Distance restraints 2 (N-O)        :       0       0      0   0.000   0.000      0.0000       1.000
11 Mainchain Phi dihedral restraints  :       0       0      0   0.000   0.000      0.0000       1.000
12 Mainchain Psi dihedral restraints  :       0       0      0   0.000   0.000      0.0000       1.000
13 Mainchain Omega dihedral restraints:      25       0      0   2.316   2.316      1.5811       1.000
14 Sidechain Chi_1 dihedral restraints:      21       0      0  91.519  91.519      6.8461       1.000
15 Sidechain Chi_2 dihedral restraints:      14       0      0  65.850  65.850      3.5697       1.000
16 Sidechain Chi_3 dihedral restraints:       5       0      0 100.668 100.668      4.2008       1.000
17 Sidechain Chi_4 dihedral restraints:       2       0      0 109.611 109.611      1.8110       1.000
18 Disulfide distance restraints      :       0       0      0   0.000   0.000      0.0000       1.000
19 Disulfide angle restraints         :       0       0      0   0.000   0.000      0.0000       1.000
20 Disulfide dihedral angle restraints:       0       0      0   0.000   0.000      0.0000       1.000
21 Lower bound distance restraints    :       0       0      0   0.000   0.000      0.0000       1.000
22 Upper bound distance restraints    :       0       0      0   0.000   0.000      0.0000       1.000
23 Distance restraints 3 (SDCH-MNCH)  :       0       0      0   0.000   0.000      0.0000       1.000
24 Sidechain Chi_5 dihedral restraints:       0       0      0   0.000   0.000      0.0000       1.000
25 Phi/Psi pair of dihedral restraints:      25      19      3  31.246 150.387      27.861       1.000
26 Distance restraints 4 (SDCH-SDCH)  :       0       0      0   0.000   0.000      0.0000       1.000
27 Distance restraints 5 (X-Y)        :       0       0      0   0.000   0.000      0.0000       1.000
28 NMR distance restraints 6 (X-Y)    :       0       0      0   0.000   0.000      0.0000       1.000
29 NMR distance restraints 7 (X-Y)    :       0       0      0   0.000   0.000      0.0000       1.000
30 Minimal distance restraints        :       0       0      0   0.000   0.000      0.0000       1.000
31 Non-bonded restraints              :       0       0      0   0.000   0.000      0.0000       1.000
32 Atomic accessibility restraints    :       0       0      0   0.000   0.000      0.0000       1.000
33 Atomic density restraints          :       0       0      0   0.000   0.000      0.0000       1.000
34 Absolute position restraints       :       0       0      0   0.000   0.000      0.0000       1.000
35 Dihedral angle difference restraint:       0       0      0   0.000   0.000      0.0000       1.000
36 GBSA implicit solvent potential    :       0       0      0   0.000   0.000      0.0000       1.000
37 EM density fitting potential       :       0       0      0   0.000   0.000      0.0000       1.000
38 SAXS restraints                    :       0       0      0   0.000   0.000      0.0000       1.000
39 Symmetry restraints                :       0       0      0   0.000   0.000      0.0000       1.000



openf___224_> Open           1lxl_sequence.V99990001
# Heavy relative violation of each residue is written to: 1lxl_sequence.V99990001
# The profile is NOT normalized by the number of restraints.
# The profiles are smoothed over a window of residues:    1
# The sum of all numbers in the file:    6304.9927



List of the violated restraints:
   A restraint is violated when the relative difference
   from the best value (RVIOL) is larger than CUTOFF.

   ICSR   ... index of a restraint in the current set.
   RESNO  ... residue numbers of the first two atoms.
   ATM    ... IUPAC atom names of the first two atoms.
   FEAT   ... the value of the feature in the model.
   restr  ... the mean of the basis restraint with the smallest
              difference from the model (local minimum).
   viol   ... difference from the local minimum.
   rviol  ... relative difference from the local minimum.
   RESTR  ... the best value (global minimum).
   VIOL   ... difference from the best value.
   RVIOL  ... relative difference from the best value.


-------------------------------------------------------------------------------------------------

Feature  1                           : Bond length potential                   
List of the RVIOL violations larger than   :       4.5000

    #   ICSR  RESNO1/2 ATM1/2   INDATM1/2    FEAT   restr    viol   rviol   RESTR    VIOL   RVIOL
    1   3226 209R 209R NH1 HH11 3185 3186    2.56    1.00    1.56   61.23    1.00    1.56   61.23
    2   3227 209R 209R NH1 HH12 3185 3187    3.26    1.00    2.26   88.74    1.00    2.26   88.74
    3   3228 209R 209R NH2 HH21 3188 3189    2.56    1.00    1.56   61.03    1.00    1.56   61.03
    4   3229 209R 209R NH2 HH22 3188 3190    3.26    1.00    2.26   88.79    1.00    2.26   88.79

-------------------------------------------------------------------------------------------------

Feature 25                           : Phi/Psi pair of dihedral restraints     
List of the RVIOL violations larger than   :       6.5000

    #   ICSR  RESNO1/2 ATM1/2   INDATM1/2    FEAT   restr    viol   rviol   RESTR    VIOL   RVIOL
    1  17286 205K 206G C   N    3128 3130   68.73   82.20   41.20    1.35  -80.20 -164.49    6.97
    1        206G 206G N   CA   3130 3132   47.44    8.50                  174.10
    2  17287 206G 207Q C   N    3135 3137 -131.33 -121.10   51.15    2.58  -63.80  146.39   18.88
    2        207Q 207Q N   CA   3137 3139   89.58  139.70                  -40.30
    3  17288 207Q 208E C   N    3152 3154 -101.21 -117.80   48.90    2.66  -63.60  141.97   21.06
    3        208E 208E N   CA   3154 3156 -177.20  136.80                  -40.30
    4  17290 209R 210F C   N    3191 3193  -75.53  -71.40   13.65    0.97  -63.20  162.46   23.39
    4        210F 210F N   CA   3193 3195  153.71  140.70                  -44.30
    5  17291 210F 211N C   N    3211 3213  -64.37  -71.20    6.98    0.54  -63.20  174.69   21.90
    5        211N 211N N   CA   3213 3215  144.22  142.80                  -41.10
    6  17293 212R 213W C   N    3249 3251  -76.66  -71.30    5.78    0.47  -63.00  179.48   23.29
    6        213W 213W N   CA   3251 3253  136.84  139.00                  -44.20
    7  17294 213W 214F C   N    3273 3275  -69.72  -71.40   17.35    1.35  -63.20  167.86   22.87
    7        214F 214F N   CA   3275 3277  123.43  140.70                  -44.30
    8  17295 214F 215L C   N    3293 3295 -141.36 -108.50   34.33    1.76  -63.50 -178.69   22.25
    8        215L 215L N   CA   3295 3297  122.54  132.50                  -41.20
    9  17296 215L 216T C   N    3312 3314  -83.21  -78.10   10.62    0.35  -63.20  160.05   21.86
    9        216T 216T N   CA   3314 3316  159.11  149.80                  -42.10
   10  17297 216T 217G C   N    3326 3328  -77.75  -80.20   14.05    0.43   82.20 -139.51    7.10
   10        217G 217G N   CA   3328 3330  160.27  174.10                    8.50
   11  17298 217G 218M C   N    3333 3335 -146.79 -125.60   47.75    1.76  -63.40  159.70   30.26
   11        218M 218M N   CA   3335 3337 -176.71  140.50                  -40.50
   12  17299 218M 219T C   N    3350 3352  -95.90  -78.10   17.82    1.06  -63.20  170.40   24.03
   12        219T 219T N   CA   3352 3354  150.66  149.80                  -42.10
   13  17301 220V 221A C   N    3380 3382  -74.13  -68.20   16.01    1.09  -62.50  159.36   26.70
   13        221A 221A N   CA   3382 3384  160.17  145.30                  -40.90
   14  17305 224V 225L C   N    3429 3431  -64.03  -70.70   27.19    1.83  -63.50  156.44   21.69
   14        225L 225L N   CA   3431 3433  115.24  141.60                  -41.20
   15  17306 225L 226L C   N    3448 3450 -101.47 -108.50    7.42    0.38  -63.50 -179.87   23.12
   15        226L 226L N   CA   3450 3452  134.89  132.50                  -41.20
   16  17307 226L 227G C   N    3467 3469  133.27 -167.20   63.10    1.76   82.20  153.89    9.89
   16        227G 227G N   CA   3469 3471  153.67  174.60                    8.50
   17  17308 227G 228S C   N    3474 3476 -151.32 -136.60   15.61    0.75  -64.10 -160.88   20.67
   17        228S 228S N   CA   3476 3478  146.00  151.20                  -35.00
   18  17309 228S 229L C   N    3485 3487  -94.93 -108.50   30.83    1.49  -63.50  149.36   19.17
   18        229L 229L N   CA   3487 3489  104.82  132.50                  -41.20
   19  17310 229L 230F C   N    3504 3506 -121.59 -124.20    4.46    0.25  -63.20  178.59   28.67
   19        230F 230F N   CA   3506 3508  146.92  143.30                  -44.30


report______> Distribution of short non-bonded contacts:

  serious non-bonded atom clash:  3343 3353   1.494
  serious non-bonded atom clash:  3466 3470   1.346

DISTANCE1:  0.00 2.10 2.20 2.30 2.40 2.50 2.60 2.70 2.80 2.90 3.00 3.10 3.20 3.30 3.40
DISTANCE2:  2.10 2.20 2.30 2.40 2.50 2.60 2.70 2.80 2.90 3.00 3.10 3.20 3.30 3.40 3.50
FREQUENCY:   235  148  435  358  499  564  627  727  710  763  832  947  993 1126 1281


<< end of ENERGY.
openf___224_> Open           1lxl_sequence.B99990001.pdb
wrpdb___568_> Residues, atoms, selected atoms:      231     3537     3537
openf___224_> Open           1lxl_sequence.ini

Dynamically allocated memory at       amaxmodel [B,KiB,MiB]:      8499041    8299.845     8.105
read_mo_297_> Segments, residues, atoms:        1      231     3537
read_mo_298_> Segment:        1  1:A  231:A     3537
randomi_498_> Atoms,selected atoms,random_seed,amplitude:     3537      401        1        4.0000
randomi_496_> Amplitude is > 0; randomization is done.
pick_re_612_> Number of MODEL atoms, selected restraints;      401     2031
pick_re_612_> Number of MODEL atoms, selected restraints;      401     2031
pick_re_612_> Number of MODEL atoms, selected restraints;      401     2031
pick_re_612_> Number of MODEL atoms, selected restraints;      401     2031
pick_re_612_> Number of MODEL atoms, selected restraints;      401     2031
pick_re_612_> Number of MODEL atoms, selected restraints;      401     2031
pick_re_612_> Number of MODEL atoms, selected restraints;      401     2031
pick_re_612_> Number of MODEL atoms, selected restraints;      401     2031
pick_re_612_> Number of MODEL atoms, selected restraints;      401     2031
pick_re_612_> Number of MODEL atoms, selected restraints;      401     2031
pick_re_612_> Number of MODEL atoms, selected restraints;      401     2031
iupac_m_486_> OE1/2 will be swapped:      177.7008      208  208
iupac_m_397W> Atoms were not swapped because of the uncertainty of how to handle the H atom.
iupac_m_484W> Dihedral still outside +-90:      177.7008
iupac_m_487_> NH1/2 swapped:     -176.9955      209  209
iupac_m_483_> CD1/2 CE1/2 swapped:       92.1617      210  210
iupac_m_487_> NH1/2 swapped:      177.2600      212  212
iupac_m_483_> CD1/2 CE1/2 swapped:       90.8694      230  230


>> ENERGY; Differences between the model's features and restraints:
Number of all residues in MODEL                   :      231
Number of all, selected real atoms                :     3537     401
Number of all, selected pseudo atoms              :        0       0
Number of all static, selected restraints         :    50582    2031
COVALENT_CYS                                      :        F
NONBONDED_SEL_ATOMS                               :        1
Number of non-bonded pairs (excluding 1-2,1-3,1-4):     1356
Dynamic pairs routine                             : 5, NATM_SEL x NATM double loop
Atomic shift for contacts update (UPDATE_DYNAMIC) :    0.390
LENNARD_JONES_SWITCH                              :    6.500   7.500
COULOMB_JONES_SWITCH                              :    6.500   7.500
RESIDUE_SPAN_RANGE                                :        0   99999
NLOGN_USE                                         :       15
CONTACT_SHELL                                     :    4.000
DYNAMIC_PAIRS,_SPHERE,_COULOMB,_LENNARD,_MODELLER :        T       T       F       F       F
SPHERE_STDV                                       :    0.050
RADII_FACTOR                                      :    0.820
Current energy                                    :       15541.7451





Summary of the restraint violations: 

   NUM     ... number of restraints.
   NUMVI   ... number of restraints with RVIOL > VIOL_REPORT_CUT[i].
   RVIOL   ... relative difference from the best value.
   NUMVP   ... number of restraints with -Ln(pdf) > VIOL_REPORT_CUT2[i].
   RMS_1   ... RMS(feature, minimally_violated_basis_restraint, NUMB).
   RMS_2   ... RMS(feature, best_value, NUMB).
   MOL.PDF ... scaled contribution to -Ln(Molecular pdf).

 #                     RESTRAINT_GROUP      NUM   NUMVI  NUMVP   RMS_1   RMS_2         MOL.PDF     S_i
------------------------------------------------------------------------------------------------------
 1 Bond length potential              :     406       8      8   0.274   0.274      13838.       1.000
 2 Bond angle potential               :     727      47     56  12.676  12.676      1437.9       1.000
 3 Stereochemical cosine torsion poten:     685       0      7  29.667  29.667      101.83       1.000
 4 Stereochemical improper torsion pot:     121      12     12   7.039   7.039      100.95       1.000
 5 Soft-sphere overlap restraints     :    1356       0      0   0.000   0.000     0.15992E-01   1.000
 6 Lennard-Jones 6-12 potential       :       0       0      0   0.000   0.000      0.0000       1.000
 7 Coulomb point-point electrostatic p:       0       0      0   0.000   0.000      0.0000       1.000
 8 H-bonding potential                :       0       0      0   0.000   0.000      0.0000       1.000
 9 Distance restraints 1 (CA-CA)      :       0       0      0   0.000   0.000      0.0000       1.000
10 Distance restraints 2 (N-O)        :       0       0      0   0.000   0.000      0.0000       1.000
11 Mainchain Phi dihedral restraints  :       0       0      0   0.000   0.000      0.0000       1.000
12 Mainchain Psi dihedral restraints  :       0       0      0   0.000   0.000      0.0000       1.000
13 Mainchain Omega dihedral restraints:      25       0      0   2.999   2.999      2.6512       1.000
14 Sidechain Chi_1 dihedral restraints:      21       0      0  81.669  81.669      8.1804       1.000
15 Sidechain Chi_2 dihedral restraints:      14       0      0 105.721 105.721      7.2850       1.000
16 Sidechain Chi_3 dihedral restraints:       5       0      0  92.979  92.979      3.5661       1.000
17 Sidechain Chi_4 dihedral restraints:       2       0      0  76.766  76.766      1.3567       1.000
18 Disulfide distance restraints      :       0       0      0   0.000   0.000      0.0000       1.000
19 Disulfide angle restraints         :       0       0      0   0.000   0.000      0.0000       1.000
20 Disulfide dihedral angle restraints:       0       0      0   0.000   0.000      0.0000       1.000
21 Lower bound distance restraints    :       0       0      0   0.000   0.000      0.0000       1.000
22 Upper bound distance restraints    :       0       0      0   0.000   0.000      0.0000       1.000
23 Distance restraints 3 (SDCH-MNCH)  :       0       0      0   0.000   0.000      0.0000       1.000
24 Sidechain Chi_5 dihedral restraints:       0       0      0   0.000   0.000      0.0000       1.000
25 Phi/Psi pair of dihedral restraints:      25      22      7  42.677 166.815      40.165       1.000
26 Distance restraints 4 (SDCH-SDCH)  :       0       0      0   0.000   0.000      0.0000       1.000
27 Distance restraints 5 (X-Y)        :       0       0      0   0.000   0.000      0.0000       1.000
28 NMR distance restraints 6 (X-Y)    :       0       0      0   0.000   0.000      0.0000       1.000
29 NMR distance restraints 7 (X-Y)    :       0       0      0   0.000   0.000      0.0000       1.000
30 Minimal distance restraints        :       0       0      0   0.000   0.000      0.0000       1.000
31 Non-bonded restraints              :       0       0      0   0.000   0.000      0.0000       1.000
32 Atomic accessibility restraints    :       0       0      0   0.000   0.000      0.0000       1.000
33 Atomic density restraints          :       0       0      0   0.000   0.000      0.0000       1.000
34 Absolute position restraints       :       0       0      0   0.000   0.000      0.0000       1.000
35 Dihedral angle difference restraint:       0       0      0   0.000   0.000      0.0000       1.000
36 GBSA implicit solvent potential    :       0       0      0   0.000   0.000      0.0000       1.000
37 EM density fitting potential       :       0       0      0   0.000   0.000      0.0000       1.000
38 SAXS restraints                    :       0       0      0   0.000   0.000      0.0000       1.000
39 Symmetry restraints                :       0       0      0   0.000   0.000      0.0000       1.000



openf___224_> Open           1lxl_sequence.V99990002
# Heavy relative violation of each residue is written to: 1lxl_sequence.V99990002
# The profile is NOT normalized by the number of restraints.
# The profiles are smoothed over a window of residues:    1
# The sum of all numbers in the file:    8526.1240



List of the violated restraints:
   A restraint is violated when the relative difference
   from the best value (RVIOL) is larger than CUTOFF.

   ICSR   ... index of a restraint in the current set.
   RESNO  ... residue numbers of the first two atoms.
   ATM    ... IUPAC atom names of the first two atoms.
   FEAT   ... the value of the feature in the model.
   restr  ... the mean of the basis restraint with the smallest
              difference from the model (local minimum).
   viol   ... difference from the local minimum.
   rviol  ... relative difference from the local minimum.
   RESTR  ... the best value (global minimum).
   VIOL   ... difference from the best value.
   RVIOL  ... relative difference from the best value.


-------------------------------------------------------------------------------------------------

Feature  1                           : Bond length potential                   
List of the RVIOL violations larger than   :       4.5000

    #   ICSR  RESNO1/2 ATM1/2   INDATM1/2    FEAT   restr    viol   rviol   RESTR    VIOL   RVIOL
    1   3226 209R 209R NH1 HH11 3185 3186    3.27    1.00    2.27   89.14    1.00    2.27   89.14
    2   3227 209R 209R NH1 HH12 3185 3187    2.56    1.00    1.56   61.37    1.00    1.56   61.37
    3   3228 209R 209R NH2 HH21 3188 3189    3.27    1.00    2.27   88.98    1.00    2.27   88.98
    4   3229 209R 209R NH2 HH22 3188 3190    2.57    1.00    1.57   61.70    1.00    1.57   61.70
    5   3285 212R 212R NH1 HH11 3243 3244    3.27    1.00    2.27   89.09    1.00    2.27   89.09
    6   3286 212R 212R NH1 HH12 3243 3245    2.57    1.00    1.57   61.61    1.00    1.57   61.61
    7   3287 212R 212R NH2 HH21 3246 3247    3.27    1.00    2.27   89.09    1.00    2.27   89.09
    8   3288 212R 212R NH2 HH22 3246 3248    2.57    1.00    1.57   61.57    1.00    1.57   61.57

-------------------------------------------------------------------------------------------------

Feature 25                           : Phi/Psi pair of dihedral restraints     
List of the RVIOL violations larger than   :       6.5000

    #   ICSR  RESNO1/2 ATM1/2   INDATM1/2    FEAT   restr    viol   rviol   RESTR    VIOL   RVIOL
    1  17286 205K 206G C   N    3128 3130   68.73   82.20   45.64    1.56  -80.20 -167.48    7.04
    1        206G 206G N   CA   3130 3132   52.11    8.50                  174.10
    2  17287 206G 207Q C   N    3135 3137 -164.22 -121.10   65.74    2.21  -63.80  164.57   29.14
    2        207Q 207Q N   CA   3137 3139 -170.68  139.70                  -40.30
    3  17288 207Q 208E C   N    3152 3154 -125.03 -117.80   43.30    2.03  -63.60  153.08   23.86
    3        208E 208E N   CA   3154 3156  179.49  136.80                  -40.30
    4  17289 208E 209R C   N    3167 3169  -68.80  -72.10   31.48    2.49  -63.00  145.81   20.09
    4        209R 209R N   CA   3169 3171  173.21  141.90                  -41.10
    5  17290 209R 210F C   N    3191 3193  -87.65  -71.40   17.92    1.45  -63.20  179.13   23.27
    5        210F 210F N   CA   3193 3195  133.15  140.70                  -44.30
    6  17291 210F 211N C   N    3211 3213  167.53 -119.90   73.40    2.77  -63.20 -145.71   33.79
    6        211N 211N N   CA   3213 3215  148.00  137.00                  -41.10
    7  17292 211N 212R C   N    3225 3227 -129.84 -125.20   44.26    2.23  -63.00  153.04   17.43
    7        212R 212R N   CA   3227 3229   96.58  140.60                  -41.10
    8  17293 212R 213W C   N    3249 3251 -144.97 -124.90   22.51    1.22  -63.00 -164.58   21.46
    8        213W 213W N   CA   3251 3253  133.20  143.40                  -44.20
    9  17294 213W 214F C   N    3273 3275 -157.04 -124.20   35.39    1.02  -63.20 -175.19   31.57
    9        214F 214F N   CA   3275 3277  156.48  143.30                  -44.30
   10  17295 214F 215L C   N    3293 3295  -83.96 -108.50   39.72    1.83  -63.50  143.94   18.91
   10        215L 215L N   CA   3295 3297  101.28  132.50                  -41.20
   11  17296 215L 216T C   N    3312 3314 -136.07 -124.80   19.49    0.60  -63.20  174.44   27.13
   11        216T 216T N   CA   3314 3316  159.41  143.50                  -42.10
   12  17297 216T 217G C   N    3326 3328 -146.60 -167.20   31.72    0.77   82.20 -166.69   14.71
   12        217G 217G N   CA   3328 3330  150.47  174.60                    8.50
   13  17298 217G 218M C   N    3333 3335  -72.13  -73.00    5.38    0.38  -63.40  171.41   26.28
   13        218M 218M N   CA   3335 3337  148.31  143.00                  -40.50
   14  17299 218M 219T C   N    3350 3352 -120.92 -124.80   22.16    0.84  -63.20  173.65   19.08
   14        219T 219T N   CA   3352 3354  121.68  143.50                  -42.10
   15  17301 220V 221A C   N    3380 3382   61.80  -68.20  130.08   11.18  -62.50 -150.16   31.66
   15        221A 221A N   CA   3382 3384  150.03  145.30                  -40.90
   16  17302 221A 222G C   N    3390 3392   85.53   78.70   11.10    0.20   82.20  176.68    8.75
   16        222G 222G N   CA   3392 3394 -174.85 -166.10                    8.50
   17  17305 224V 225L C   N    3429 3431 -100.80 -108.50    8.17    0.42  -63.50 -179.67   23.17
   17        225L 225L N   CA   3431 3433  135.23  132.50                  -41.20
   18  17306 225L 226L C   N    3448 3450 -119.72 -108.50   30.67    1.52  -63.50  167.47   26.73
   18        226L 226L N   CA   3450 3452  161.05  132.50                  -41.20
   19  17307 226L 227G C   N    3467 3469  -62.67  -80.20   42.10    0.99   82.20 -167.13    6.50
   19        227G 227G N   CA   3469 3471  135.83  174.10                    8.50
   20  17308 227G 228S C   N    3474 3476 -149.26 -136.60   13.90    0.43  -64.10 -171.59   19.76
   20        228S 228S N   CA   3476 3478  156.93  151.20                  -35.00
   21  17309 228S 229L C   N    3485 3487  -64.66  -70.70   16.03    1.02  -63.50  167.96   23.26
   21        229L 229L N   CA   3487 3489  126.76  141.60                  -41.20
   22  17310 229L 230F C   N    3504 3506  -95.13  -71.40   36.04    3.19  -63.20  161.08   20.32
   22        230F 230F N   CA   3506 3508  113.58  140.70                  -44.30


report______> Distribution of short non-bonded contacts:


DISTANCE1:  0.00 2.10 2.20 2.30 2.40 2.50 2.60 2.70 2.80 2.90 3.00 3.10 3.20 3.30 3.40
DISTANCE2:  2.10 2.20 2.30 2.40 2.50 2.60 2.70 2.80 2.90 3.00 3.10 3.20 3.30 3.40 3.50
FREQUENCY:   233  146  430  352  493  569  619  707  711  760  827  935 1001 1111 1273


<< end of ENERGY.
openf___224_> Open           1lxl_sequence.B99990002.pdb
wrpdb___568_> Residues, atoms, selected atoms:      231     3537     3537

>> Summary of successfully produced models:
Filename                          molpdf
----------------------------------------
1lxl_sequence.B99990001.pdb     7743.82764
1lxl_sequence.B99990002.pdb    15541.74512

