# VMD for LINUXAMD64, version 1.9.4a51 (December 21, 2020)
# Log file 'rmsd.log', created by user lg
menu files off
menu files on
display resetview
mol addrep 0
display resetview
mol new {/home/lg/BIO/omicas/simulations/03-Docking/01-get-initial-input-system/rmsds/f0-ini-protNoH.pdb} type {pdb} first 0 last -1 step 1 waitfor 1
animate style Loop
menu files off
menu files off
menu files on
display resetview
mol addrep 1
display resetview
mol new {/home/lg/BIO/omicas/simulations/03-Docking/01-get-initial-input-system/rmsds/f9-20ns-protNoH.pdb} type {pdb} first 0 last -1 step 1 waitfor 1
animate style Loop
menu files off
menu rmsd off
menu rmsd on
menu graphics off
menu graphics on
mol modstyle 0 1 NewCartoon 0.300000 10.000000 4.100000 0
mol color Name
mol representation NewCartoon 0.300000 10.000000 4.100000 0
mol selection all
mol material Opaque
mol modrep 0 1
mol color Name
mol representation NewCartoon 0.300000 10.000000 4.100000 0
mol selection all
mol material Opaque
mol modrep 0 1
mol color Name
mol representation NewCartoon 0.300000 10.000000 4.100000 0
mol selection all
mol material Opaque
mol modrep 0 1
menu graphics off
menu graphics off
menu graphics on
mol color Name
mol representation NewCartoon 0.300000 10.000000 4.100000 0
mol selection all
mol material Opaque
mol addrep 1
menu graphics off
menu graphics off
menu graphics on
mol delrep 1 1
rotate y by 0.333333
rotate y by 0.133333
rotate y by 0.333333
rotate y by 0.133333
rotate y by 0.333333
rotate y by 0.133333
rotate y by -0.333333
rotate y by -0.133333
rotate y by -0.333333
rotate y by -0.133333
rotate y by -0.666667
rotate y by -0.266667
rotate y by -0.333333
rotate y by -0.133333
rotate y by -0.333333
rotate y by -0.133333
rotate y by -0.333333
rotate y by -0.133333
rotate y by -1.000000
rotate y by -0.400000
rotate y by -0.333333
rotate y by -0.133333
rotate y by -1.000000
rotate y by -0.400000
rotate y by -0.333333
rotate y by -0.133333
rotate y by -0.333333
rotate y by -0.133333
rotate y by -0.333333
rotate y by -0.133333
rotate y by 0.333333
rotate y by 0.133333
rotate y by 0.666667
rotate y by 0.266667
rotate y by 0.333333
rotate y by 0.133333
rotate y by 0.333333
rotate y by 0.133333
rotate y by 0.666667
rotate y by 0.266667
rotate y by 0.333333
rotate y by 0.133333
rotate y by 0.333333
rotate y by 0.133333
rotate y by 0.666667
rotate y by 0.266667
rotate y by 0.333333
rotate y by 0.133333
rotate y by 0.666667
rotate y by 0.266667
rotate y by 0.333333
rotate y by 0.133333
rotate y by 0.333333
rotate y by 0.133333
rotate y by 0.333333
rotate y by 0.133333
rotate y by 0.333333
rotate y by 0.133333
menu rmsd off
mol color Name
mol representation NewCartoon 0.300000 10.000000 4.100000 0
mol selection all
mol material Opaque
mol modrep 0 1
mol color Name
mol representation NewCartoon 0.300000 10.000000 4.100000 0
mol selection all
mol material Opaque
mol modrep 0 1
mol modstyle 0 1 Surf 1.400000 0.000000
mol modstyle 0 1 NewCartoon 0.300000 10.000000 4.100000 0
mol color Name
mol representation NewCartoon 0.300000 10.000000 4.100000 0
mol selection all
mol material Opaque
mol modrep 0 1
mol modstyle 0 0 NewCartoon 0.300000 10.000000 4.100000 0
mol color Name
mol representation NewCartoon 0.300000 10.000000 4.100000 0
mol selection all
mol material Opaque
mol modrep 0 0
rotate y by 0.333333
rotate y by 0.133333
rotate x by 0.333333
rotate x by 0.133333
rotate x by 1.333333
rotate y by -0.666667
rotate x by 0.533333
rotate y by -0.266667
rotate x by 1.333333
rotate y by -1.000000
rotate x by 0.533333
rotate y by -0.400000
rotate x by 1.333333
rotate y by -0.666667
rotate x by 0.533333
rotate y by -0.266667
rotate x by 0.666667
rotate y by -0.333333
rotate x by 0.266667
rotate y by -0.133333
rotate x by 1.000000
rotate y by -0.333333
rotate x by 0.400000
rotate y by -0.133333
rotate x by 1.000000
rotate y by -0.333333
rotate x by 0.400000
rotate y by -0.133333
rotate x by 0.333333
rotate y by -0.333333
rotate x by 0.133333
rotate y by -0.133333
rotate x by 0.666667
rotate y by -0.333333
rotate x by 0.266667
rotate y by -0.133333
rotate x by 1.000000
rotate y by -0.666667
rotate x by 0.400000
rotate y by -0.266667
rotate x by 1.000000
rotate y by -0.666667
rotate x by 0.400000
rotate y by -0.266667
rotate x by 0.666667
rotate y by -0.666667
rotate x by 0.266667
rotate y by -0.266667
rotate x by 0.666667
rotate y by -0.333333
rotate x by 0.266667
rotate y by -0.133333
rotate x by 1.000000
rotate y by -0.333333
rotate x by 0.400000
rotate y by -0.133333
rotate x by 0.666667
rotate y by -0.333333
rotate x by 0.266667
rotate y by -0.133333
rotate x by 0.666667
rotate y by -0.333333
rotate x by 0.266667
rotate y by -0.133333
rotate x by 1.000000
rotate y by -0.666667
rotate x by 0.400000
rotate y by -0.266667
rotate x by 1.000000
rotate y by -0.666667
rotate x by 0.400000
rotate y by -0.266667
rotate x by 1.000000
rotate y by -0.333333
rotate x by 0.400000
rotate y by -0.133333
rotate x by 1.000000
rotate y by -0.666667
rotate x by 0.400000
rotate y by -0.266667
rotate x by 0.666667
rotate y by -0.333333
rotate x by 0.266667
rotate y by -0.133333
rotate x by 1.000000
rotate y by -0.666667
rotate x by 0.400000
rotate y by -0.266667
rotate x by 1.333333
rotate y by -0.333333
rotate x by 0.533333
rotate y by -0.133333
rotate x by 0.666667
rotate y by -0.333333
rotate x by 0.266667
rotate y by -0.133333
rotate x by 1.666667
rotate y by -0.333333
rotate x by 0.666667
rotate y by -0.133333
rotate x by 1.666667
rotate y by -0.666667
rotate x by 0.666667
rotate y by -0.266667
rotate x by 2.000000
rotate y by -1.000000
rotate x by 0.800000
rotate y by -0.400000
rotate x by 1.333333
rotate y by -1.000000
rotate x by 0.533333
rotate y by -0.400000
rotate x by 2.000000
rotate y by -1.333333
rotate x by 0.800000
rotate y by -0.533333
rotate x by 0.333333
rotate y by -0.333333
rotate x by 0.133333
rotate y by -0.133333
rotate x by 0.333333
rotate x by 0.133333
rotate x by 0.666667
rotate y by -0.666667
rotate x by 0.266667
rotate y by -0.266667
rotate x by 0.666667
rotate y by -0.666667
rotate x by 0.266667
rotate y by -0.266667
rotate x by 1.333333
rotate y by -1.000000
rotate x by 0.533333
rotate y by -0.400000
rotate x by 1.000000
rotate y by -2.000000
rotate x by 0.400000
rotate y by -0.800000
rotate x by 0.666667
rotate y by -1.333333
rotate x by 0.266667
rotate y by -0.533333
rotate x by 0.333333
rotate y by -0.666667
rotate x by 0.133333
rotate y by -0.266667
rotate y by -0.333333
rotate y by -0.133333
rotate x by 0.333333
rotate y by -1.000000
rotate x by 0.133333
rotate y by -0.400000
rotate y by -0.666667
rotate y by -0.266667
rotate y by -0.333333
rotate y by -0.133333
rotate y by -0.333333
rotate y by -0.133333
rotate y by -0.333333
rotate y by -0.133333
rotate x by -0.333333
rotate y by -0.333333
rotate x by -0.133333
rotate y by -0.133333
rotate y by -0.333333
rotate y by -0.133333
rotate x by -0.333333
rotate y by -1.000000
rotate x by -0.133333
rotate y by -0.400000
rotate x by -0.333333
rotate y by -1.333333
rotate x by -0.133333
rotate y by -0.533333
rotate y by -1.333333
rotate y by -0.533333
rotate y by -1.000000
rotate y by -0.400000
rotate x by -1.333333
rotate y by -2.000000
rotate x by -0.533333
rotate y by -0.800000
rotate x by -1.333333
rotate y by -1.666667
rotate x by -0.533333
rotate y by -0.666667
rotate x by -0.666667
rotate y by -1.333333
rotate x by -0.266667
rotate y by -0.533333
rotate x by -1.000000
rotate y by -1.333333
rotate x by -0.400000
rotate y by -0.533333
rotate x by -0.666667
rotate y by -1.333333
rotate x by -0.266667
rotate y by -0.533333
rotate x by -1.333333
rotate y by -1.000000
rotate x by -0.533333
rotate y by -0.400000
rotate x by -0.333333
rotate y by -1.000000
rotate x by -0.133333
rotate y by -0.400000
rotate x by -0.333333
rotate y by -0.333333
rotate x by -0.133333
rotate y by -0.133333
rotate y by 0.666667
rotate y by 0.266667
rotate y by 0.333333
rotate y by 0.133333
rotate y by 0.333333
rotate y by 0.133333
rotate x by -1.333333
rotate x by -0.533333
rotate x by -1.666667
rotate y by -0.333333
rotate x by -0.666667
rotate y by -0.133333
rotate x by -0.666667
rotate y by -0.666667
rotate x by -0.266667
rotate y by -0.266667
rotate x by -0.333333
rotate x by -0.133333
rotate x by -1.000000
rotate y by -1.333333
rotate x by -0.400000
rotate y by -0.533333
rotate x by -2.000000
rotate y by -2.000000
rotate x by -0.800000
rotate y by -0.800000
rotate x by -1.333333
rotate y by -1.000000
rotate x by -0.533333
rotate y by -0.400000
rotate x by -1.000000
rotate y by -0.666667
rotate x by -0.400000
rotate y by -0.266667
rotate x by -1.000000
rotate x by -0.400000
rotate x by -0.333333
rotate x by -0.133333
rotate y by 0.333333
rotate y by 0.133333
rotate y by 0.333333
rotate y by 0.133333
rotate y by 1.000000
rotate y by 0.400000
rotate x by 0.333333
rotate y by 1.000000
rotate x by 0.133333
rotate y by 0.400000
rotate y by 1.666667
rotate y by 0.666667
rotate y by 1.000000
rotate y by 0.400000
rotate x by -0.333333
rotate y by 1.666667
rotate x by -0.133333
rotate y by 0.666667
rotate x by -0.666667
rotate y by 1.000000
rotate x by -0.266667
rotate y by 0.400000
rotate x by -0.666667
rotate y by 0.666667
rotate x by -0.266667
rotate y by 0.266667
rotate x by -0.333333
rotate y by 0.666667
rotate x by -0.133333
rotate y by 0.266667
rotate x by -1.000000
rotate y by 1.000000
rotate x by -0.400000
rotate y by 0.400000
rotate x by -1.000000
rotate x by -0.400000
rotate x by -1.666667
rotate x by -0.666667
rotate x by -1.666667
rotate y by -1.000000
rotate x by -0.666667
rotate y by -0.400000
rotate x by -3.333333
rotate y by -1.666667
rotate x by -1.333333
rotate y by -0.666667
rotate x by -1.666667
rotate y by -0.333333
rotate x by -0.666667
rotate y by -0.133333
rotate x by -1.333333
rotate x by -0.533333
rotate x by -1.333333
rotate x by -0.533333
rotate x by -1.333333
rotate y by 0.666667
rotate x by -0.533333
rotate y by 0.266667
rotate x by -2.333333
rotate y by 0.333333
rotate x by -0.933333
rotate y by 0.133333
rotate x by -1.333333
rotate y by -0.333333
rotate x by -0.533333
rotate y by -0.133333
rotate x by -1.333333
rotate y by -0.666667
rotate x by -0.533333
rotate y by -0.266667
rotate x by -1.000000
rotate y by -0.333333
rotate x by -0.400000
rotate y by -0.133333
rotate x by -1.333333
rotate y by -1.000000
rotate x by -0.533333
rotate y by -0.400000
rotate x by -0.666667
rotate y by -0.333333
rotate x by -0.266667
rotate y by -0.133333
rotate x by -0.666667
rotate y by -0.333333
rotate x by -0.266667
rotate y by -0.133333
rotate x by -0.666667
rotate x by -0.266667
rotate x by -0.333333
rotate y by -0.333333
rotate x by -0.133333
rotate y by -0.133333
rotate x by -1.666667
rotate y by -1.333333
rotate x by -0.666667
rotate y by -0.533333
rotate x by -1.333333
rotate y by -1.000000
rotate x by -0.533333
rotate y by -0.400000
rotate x by -1.333333
rotate y by -0.666667
rotate x by -0.533333
rotate y by -0.266667
rotate x by -1.000000
rotate x by -0.400000
rotate x by -1.333333
rotate y by 0.333333
rotate x by -0.533333
rotate y by 0.133333
rotate x by -1.666667
rotate x by -0.666667
rotate x by -0.666667
rotate x by -0.266667
rotate x by -0.333333
rotate y by -0.333333
rotate x by -0.133333
rotate y by -0.133333
rotate x by -0.333333
rotate x by -0.133333
rotate y by 0.333333
rotate y by 0.133333
rotate x by -0.666667
rotate x by -0.266667
rotate x by -0.666667
rotate x by -0.266667
rotate x by -1.333333
rotate x by -0.533333
rotate x by -0.333333
rotate y by 0.333333
rotate x by -0.133333
rotate y by 0.133333
rotate y by 0.666667
rotate y by 0.266667
rotate y by 0.333333
rotate y by 0.133333
mol modstyle 0 0 CPK 1.000000 0.300000 12.000000 12.000000
mol modstyle 0 0 Lines 1.000000
mol modstyle 0 0 NewCartoon 0.300000 10.000000 4.100000 0
mol modcolor 0 0 Type
mol modcolor 0 0 Element
mol modcolor 0 0 Molecule
rotate x by 0.333333
rotate x by 0.133333
rotate x by -0.333333
rotate x by -0.133333
rotate x by -0.666667
rotate y by 0.333333
rotate x by -0.266667
rotate y by 0.133333
rotate x by -0.666667
rotate y by 0.333333
rotate x by -0.266667
rotate y by 0.133333
rotate x by -1.000000
rotate y by 0.333333
rotate x by -0.400000
rotate y by 0.133333
rotate x by -2.333333
rotate y by 1.333333
rotate x by -0.933333
rotate y by 0.533333
rotate x by -2.000000
rotate y by 1.333333
rotate x by -0.800000
rotate y by 0.533333
rotate x by -0.666667
rotate y by 0.333333
rotate x by -0.266667
rotate y by 0.133333
rotate x by -0.333333
rotate x by -0.133333
rotate y by 0.333333
rotate y by 0.133333
rotate x by -0.333333
rotate y by 0.333333
rotate x by -0.133333
rotate y by 0.133333
rotate x by -0.666667
rotate y by 0.333333
rotate x by -0.266667
rotate y by 0.133333
rotate x by -0.666667
rotate y by 0.333333
rotate x by -0.266667
rotate y by 0.133333
rotate x by -1.333333
rotate y by 0.666667
rotate x by -0.533333
rotate y by 0.266667
rotate x by -1.666667
rotate y by 1.000000
rotate x by -0.666667
rotate y by 0.400000
rotate x by -1.333333
rotate y by 0.333333
rotate x by -0.533333
rotate y by 0.133333
rotate x by -1.333333
rotate y by 0.666667
rotate x by -0.533333
rotate y by 0.266667
rotate x by -2.000000
rotate y by 0.666667
rotate x by -0.800000
rotate y by 0.266667
rotate x by -1.333333
rotate y by 0.333333
rotate x by -0.533333
rotate y by 0.133333
rotate x by -1.333333
rotate y by 0.333333
rotate x by -0.533333
rotate y by 0.133333
rotate x by -1.333333
rotate y by 0.666667
rotate x by -0.533333
rotate y by 0.266667
rotate x by -1.333333
rotate y by 0.333333
rotate x by -0.533333
rotate y by 0.133333
rotate x by -2.333333
rotate y by 0.666667
rotate x by -0.933333
rotate y by 0.266667
rotate x by -4.333333
rotate y by 1.666667
rotate x by -1.733333
rotate y by 0.666667
rotate x by -2.000000
rotate y by 0.333333
rotate x by -0.800000
rotate y by 0.133333
rotate x by -2.000000
rotate x by -0.800000
rotate x by -1.000000
rotate y by 0.333333
rotate x by -0.400000
rotate y by 0.133333
rotate x by -0.333333
rotate x by -0.133333
rotate x by -0.333333
rotate y by 0.333333
rotate x by -0.133333
rotate y by 0.133333
rotate x by -1.000000
rotate y by 0.333333
rotate x by -0.400000
rotate y by 0.133333
rotate x by -1.000000
rotate y by 0.333333
rotate x by -0.400000
rotate y by 0.133333
rotate x by -1.000000
rotate y by 0.333333
rotate x by -0.400000
rotate y by 0.133333
rotate x by -0.333333
rotate y by 0.333333
rotate x by -0.133333
rotate y by 0.133333
rotate y by 0.333333
rotate y by 0.133333
rotate x by 0.333333
rotate x by 0.133333
rotate y by 0.333333
rotate y by 0.133333
rotate x by 0.333333
rotate y by 0.333333
rotate x by 0.133333
rotate y by 0.133333
rotate x by 0.333333
rotate y by 1.000000
rotate x by 0.133333
rotate y by 0.400000
rotate x by 1.666667
rotate y by 2.000000
rotate x by 0.666667
rotate y by 0.800000
rotate x by 0.666667
rotate y by 0.666667
rotate x by 0.266667
rotate y by 0.266667
rotate x by 0.666667
rotate y by 0.666667
rotate x by 0.266667
rotate y by 0.266667
rotate x by 1.000000
rotate y by 1.333333
rotate x by 0.400000
rotate y by 0.533333
rotate x by 1.333333
rotate y by 1.000000
rotate x by 0.533333
rotate y by 0.400000
rotate x by 1.666667
rotate y by 1.333333
rotate x by 0.666667
rotate y by 0.533333
rotate x by 0.666667
rotate y by 1.000000
rotate x by 0.266667
rotate y by 0.400000
rotate x by 1.666667
rotate y by 1.000000
rotate x by 0.666667
rotate y by 0.400000
rotate x by 1.333333
rotate y by 1.000000
rotate x by 0.533333
rotate y by 0.400000
rotate x by 1.666667
rotate y by 1.000000
rotate x by 0.666667
rotate y by 0.400000
rotate x by 0.666667
rotate y by 0.333333
rotate x by 0.266667
rotate y by 0.133333
rotate x by 3.333333
rotate y by 1.333333
rotate x by 1.333333
rotate y by 0.533333
rotate x by 2.000000
rotate y by 0.333333
rotate x by 0.800000
rotate y by 0.133333
rotate x by 1.000000
rotate x by 0.400000
rotate x by 0.666667
rotate y by 0.333333
rotate x by 0.266667
rotate y by 0.133333
rotate x by 0.666667
rotate x by 0.266667
rotate x by 1.333333
rotate x by 0.533333
rotate x by 1.333333
rotate y by 0.333333
rotate x by 0.533333
rotate y by 0.133333
rotate x by 1.333333
rotate x by 0.533333
rotate x by 1.333333
rotate x by 0.533333
rotate x by 1.000000
rotate x by 0.400000
rotate x by 2.000000
rotate x by 0.800000
rotate x by 2.000000
rotate y by -0.333333
rotate x by 0.800000
rotate y by -0.133333
rotate x by 1.333333
rotate y by -0.333333
rotate x by 0.533333
rotate y by -0.133333
rotate x by 1.666667
rotate y by -0.666667
rotate x by 0.666667
rotate y by -0.266667
rotate x by 2.000000
rotate y by -1.000000
rotate x by 0.800000
rotate y by -0.400000
rotate x by 0.666667
rotate y by -0.333333
rotate x by 0.266667
rotate y by -0.133333
rotate x by 0.666667
rotate y by -0.333333
rotate x by 0.266667
rotate y by -0.133333
rotate x by 1.333333
rotate y by -1.000000
rotate x by 0.533333
rotate y by -0.400000
rotate x by 1.333333
rotate y by -0.666667
rotate x by 0.533333
rotate y by -0.266667
rotate x by 1.333333
rotate y by -1.000000
rotate x by 0.533333
rotate y by -0.400000
rotate x by 1.333333
rotate y by -1.333333
rotate x by 0.533333
rotate y by -0.533333
rotate x by 1.333333
rotate y by -1.666667
rotate x by 0.533333
rotate y by -0.666667
rotate x by 0.666667
rotate y by -1.000000
rotate x by 0.266667
rotate y by -0.400000
rotate x by 0.666667
rotate y by -1.000000
rotate x by 0.266667
rotate y by -0.400000
rotate x by 1.000000
rotate y by -1.000000
rotate x by 0.400000
rotate y by -0.400000
rotate x by 1.333333
rotate y by -1.666667
rotate x by 0.533333
rotate y by -0.666667
rotate x by 1.000000
rotate y by -1.333333
rotate x by 0.400000
rotate y by -0.533333
rotate x by 1.333333
rotate y by -2.000000
rotate x by 0.533333
rotate y by -0.800000
rotate x by 1.000000
rotate y by -1.000000
rotate x by 0.400000
rotate y by -0.400000
rotate x by 0.333333
rotate y by -0.666667
rotate x by 0.133333
rotate y by -0.266667
rotate x by 0.333333
rotate y by -1.000000
rotate x by 0.133333
rotate y by -0.400000
rotate x by 1.000000
rotate y by -1.333333
rotate x by 0.400000
rotate y by -0.533333
rotate x by 0.333333
rotate y by -1.333333
rotate x by 0.133333
rotate y by -0.533333
rotate x by 0.666667
rotate y by -1.333333
rotate x by 0.266667
rotate y by -0.533333
rotate x by 0.666667
rotate y by -1.333333
rotate x by 0.266667
rotate y by -0.533333
rotate x by 0.333333
rotate y by -1.000000
rotate x by 0.133333
rotate y by -0.400000
rotate x by 0.333333
rotate y by -1.000000
rotate x by 0.133333
rotate y by -0.400000
rotate y by -0.333333
rotate y by -0.133333
rotate x by 0.666667
rotate y by -1.000000
rotate x by 0.266667
rotate y by -0.400000
rotate x by 0.666667
rotate y by -2.000000
rotate x by 0.266667
rotate y by -0.800000
rotate x by 0.333333
rotate y by -1.000000
rotate x by 0.133333
rotate y by -0.400000
rotate y by -0.666667
rotate y by -0.266667
rotate x by 0.333333
rotate y by -0.333333
rotate x by 0.133333
rotate y by -0.133333
rotate y by -0.333333
rotate y by -0.133333
rotate y by -0.333333
rotate y by -0.133333
rotate y by -0.333333
rotate y by -0.133333
rotate y by -0.333333
rotate y by -0.133333
rotate y by -0.333333
rotate y by -0.133333
rotate y by -0.333333
rotate y by -0.133333
rotate y by -0.333333
rotate y by -0.133333
rotate y by -1.000000
rotate y by -0.400000
rotate y by -0.333333
rotate y by -0.133333
rotate x by -0.333333
rotate x by -0.133333
rotate x by -2.000000
rotate y by 2.000000
rotate x by -0.800000
rotate y by 0.800000
rotate x by -2.333333
rotate y by 2.666667
rotate x by -0.933333
rotate y by 1.066667
rotate x by -0.333333
rotate y by 0.666667
rotate x by -0.133333
rotate y by 0.266667
rotate x by -0.666667
rotate y by 1.000000
rotate x by -0.266667
rotate y by 0.400000
rotate x by -0.333333
rotate x by -0.133333
rotate y by 0.333333
rotate y by 0.133333
rotate y by 0.333333
rotate y by 0.133333
rotate y by 0.333333
rotate y by 0.133333
rotate y by 0.333333
rotate y by 0.133333
rotate x by -0.333333
rotate y by 0.333333
rotate x by -0.133333
rotate y by 0.133333
rotate x by -1.333333
rotate y by 1.000000
rotate x by -0.533333
rotate y by 0.400000
rotate x by -2.666667
rotate y by 1.666667
rotate x by -1.066667
rotate y by 0.666667
rotate x by -4.666667
rotate y by 4.333333
rotate x by -1.866667
rotate y by 1.733333
rotate x by -2.000000
rotate y by 3.000000
rotate x by -0.800000
rotate y by 1.200000
rotate x by -1.000000
rotate y by 1.333333
rotate x by -0.400000
rotate y by 0.533333
rotate x by -1.000000
rotate y by 0.666667
rotate x by -0.400000
rotate y by 0.266667
rotate x by -0.333333
rotate y by 0.333333
rotate x by -0.133333
rotate y by 0.133333
rotate y by 0.333333
rotate y by 0.133333
rotate y by 0.333333
rotate y by 0.133333
rotate x by 0.666667
rotate y by 0.333333
rotate x by 0.266667
rotate y by 0.133333
rotate x by 0.666667
rotate y by 0.333333
rotate x by 0.266667
rotate y by 0.133333
rotate x by 0.333333
rotate x by 0.133333
rotate x by 0.333333
rotate x by 0.133333
rotate x by 0.333333
rotate y by 0.333333
rotate x by 0.133333
rotate y by 0.133333
rotate x by 0.333333
rotate x by 0.133333
rotate x by 0.333333
rotate x by 0.133333
# VMD for LINUXAMD64, version 1.9.4a51 (December 21, 2020)
# end of log file.
