############################################################################
# If you used Qvina-W in your work, please cite:                           #
#                                                                          #
# Nafisa M. Hassan, Amr A. Alhossary, Yuguang Mu, and Chee-Keong Kwoh,     #
# Protein-Ligand Blind Docking Using QuickVina-W With Inter-Process        #
# Spatio-Temporal Integration, Scientific Reports 7(1):2017,               #
# doi:10.1038/s41598-017-15571-7                                           #
#                                                                          #
# You are also encouraged to cite:                                         #
# QuickVina 2                                                              #
# Amr Alhossary, Stephanus Daniel Handoko, Yuguang Mu, and Chee-Keong Kwoh,#
# Fast, Accurate, and Reliable Molecular Docking with QuickVina 2,         #
# Bioinformatics (2015), doi: 10.1093/bioinformatics/btv082                #
#                                                                          #
# Quick Vina 1:                                                            #
# Stephanus Daniel Handoko, Xuchang Ouyang, Chinh Tran To Su, Chee Keong   #
# Kwoh, Yew Soon Ong,                                                      #
# QuickVina: Accelerating AutoDock Vina Using Gradient-Based Heuristics for#
# Global Optimization,                                                     #
# IEEE/ACM Transactions on Computational Biology and Bioinformatics,vol.9, #
# no. 5, pp. 1266-1272, Sept.-Oct. 2012, doi: 10.1109/TCBB.2012.82         #
#                                                                          #
# and original AutoDock Vina paper:                                        #
# O. Trott, A. J. Olson,                                                   #
# AutoDock Vina: improving the speed and accuracy of docking with a        #
# new scoring function, efficient optimization and multithreading,         #
# Journal of Computational Chemistry 31 (2010) 455-461                     #
# doi: 10.1002/jcc.21334                                                   #
############################################################################

WARNING: The search space volume > 27000 Angstrom^3 (See FAQ)
Detected 80 CPUs
Reading input ... done.
Setting up the scoring function ... done.
Analyzing the binding site ... done.
Using random seed: 1664019900
Performing search ... done.
Refining results ... 
searching finished in 21.401 seconds
done.

mode |   affinity | dist from best mode
     | (kcal/mol) | rmsd l.b.| rmsd u.b.
-----+------------+----------+----------
   1         -7.4      0.000      0.000
   2         -7.1      1.670      2.423
   3         -7.1      2.274      7.037
   4         -7.1      3.176      3.919
   5         -7.0      1.639      6.653
   6         -6.9      3.315      4.257
   7         -6.9      1.224      2.315
   8         -6.8      2.806      7.036
   9         -6.7      2.100      2.356
  10         -6.7      1.585      6.907
  11         -6.7      2.401      3.076
  12         -6.6      1.540      1.657
  13         -6.5      1.815      6.965
  14         -6.4      2.312      6.932
  15         -6.4      1.740      7.097
  16         -6.3      2.774      6.042
  17         -6.3      2.260      6.974
  18         -6.2      2.167      3.032
  19         -6.2      3.468      6.816
  20         -5.9      2.366      3.382
Writing output ... done.
